Log file open, 04/04/23 17:25:41
LogWindows: Failed to load 'aqProf.dll' (GetLastError=126)
LogWindows: File 'aqProf.dll' does not exist
LogWindows: Failed to load 'VtuneApi.dll' (GetLastError=126)
LogWindows: File 'VtuneApi.dll' does not exist
LogWindows: Failed to load 'VtuneApi32e.dll' (GetLastError=126)
LogWindows: File 'VtuneApi32e.dll' does not exist
LogConsoleResponse: Display: Failed to find resolution value strings in scalability ini. Falling back to default.
LogConsoleResponse: Display: Failed to find resolution value strings in scalability ini. Falling back to default.
LogInit: Display: Running engine for game: ActionAventure
LogPlatformFile: Not using cached read wrapper
LogTaskGraph: Started task graph with 5 named threads and 47 total threads with 3 sets of task threads.
LogStats: Stats thread started at 1.070089
LogICUInternationalization: ICU TimeZone Detection - Raw Offset: +1:00, Platform Override: ''
LogInit: Display: Loading text-based GConfig....
LogPluginManager: Mounting plugin MeshPainting
LogPluginManager: Mounting plugin XGEController
LogPluginManager: Mounting plugin Paper2D
LogPluginManager: Mounting plugin EnvironmentQueryEditor
LogPluginManager: Mounting plugin AISupport
LogPluginManager: Mounting plugin LiveLink
LogPluginManager: Mounting plugin CameraShakePreviewer
LogPluginManager: Mounting plugin LightPropagationVolume
LogPluginManager: Mounting plugin GameplayCameras
LogPluginManager: Mounting plugin AssetManagerEditor
LogPluginManager: Mounting plugin CurveEditorTools
LogPluginManager: Mounting plugin DataValidation
LogPluginManager: Mounting plugin CryptoKeys
LogPluginManager: Mounting plugin AnimationSharing
LogPluginManager: Mounting plugin FacialAnimation
LogPluginManager: Mounting plugin GeometryMode
LogPluginManager: Mounting plugin MacGraphicsSwitching
LogPluginManager: Mounting plugin MaterialAnalyzer
LogPluginManager: Mounting plugin MobileLauncherProfileWizard
LogPluginManager: Mounting plugin CLionSourceCodeAccess
LogPluginManager: Mounting plugin KDevelopSourceCodeAccess
LogPluginManager: Mounting plugin GameplayTagsEditor
LogPluginManager: Mounting plugin GitSourceControl
LogPluginManager: Mounting plugin CodeLiteSourceCodeAccess
LogPluginManager: Mounting plugin NullSourceCodeAccess
LogPluginManager: Mounting plugin PerforceSourceControl
LogPluginManager: Mounting plugin PixWinPlugin
LogPluginManager: Mounting plugin PlasticSourceControl
LogPluginManager: Mounting plugin PluginUtils
LogPluginManager: Mounting plugin PropertyAccessNode
LogPluginManager: Mounting plugin RiderSourceCodeAccess
LogPluginManager: Mounting plugin SpeedTreeImporter
LogPluginManager: Mounting plugin TextureFormatOodle
LogPluginManager: Mounting plugin SubversionSourceControl
LogPluginManager: Mounting plugin VisualStudioSourceCodeAccess
LogPluginManager: Mounting plugin XCodeSourceCodeAccess
LogPluginManager: Mounting plugin UObjectPlugin
LogPluginManager: Mounting plugin VisualStudioCodeSourceCodeAccess
LogPluginManager: Mounting plugin OodleData
LogPluginManager: Mounting plugin PluginBrowser
LogPluginManager: Mounting plugin OodleNetwork
LogPluginManager: Mounting plugin DatasmithContent
LogPluginManager: Mounting plugin AlembicImporter
LogPluginManager: Mounting plugin AutomationUtils
LogPluginManager: Mounting plugin VariantManagerContent
LogPluginManager: Mounting plugin BackChannel
LogPluginManager: Mounting plugin ChaosClothEditor
LogPluginManager: Mounting plugin ChaosCloth
LogPluginManager: Mounting plugin CharacterAI
LogPluginManager: Mounting plugin ChaosNiagara
LogPluginManager: Mounting plugin ChaosSolverPlugin
LogPluginManager: Mounting plugin ChaosEditor
LogPluginManager: Mounting plugin Niagara
LogPluginManager: Mounting plugin GeometryCache
LogPluginManager: Mounting plugin GeometryProcessing
LogPluginManager: Mounting plugin GeometryCollectionPlugin
LogPluginManager: Mounting plugin OpenImageDenoise
LogPluginManager: Mounting plugin MotoSynth
LogPluginManager: Mounting plugin PlanarCut
LogPluginManager: Mounting plugin PlatformCrypto
LogPluginManager: Mounting plugin ProxyLODPlugin
LogPluginManager: Mounting plugin PythonScriptPlugin
LogPluginManager: Mounting plugin SkeletalReduction
LogPluginManager: Mounting plugin AndroidMedia
LogPluginManager: Mounting plugin AvfMedia
LogPluginManager: Mounting plugin ImgMedia
LogPluginManager: Mounting plugin MediaCompositing
LogPluginManager: Mounting plugin MediaPlayerEditor
LogPluginManager: Mounting plugin WebMMedia
LogPluginManager: Mounting plugin WmfMedia
LogPluginManager: Mounting plugin LuminPlatformFeatures
LogPluginManager: Mounting plugin MagicLeap
LogPluginManager: Mounting plugin MagicLeapMedia
LogPluginManager: Mounting plugin MagicLeapLightEstimation
LogPluginManager: Mounting plugin UdpMessaging
LogPluginManager: Mounting plugin TcpMessaging
LogPluginManager: Mounting plugin MagicLeapPassableWorld
LogPluginManager: Mounting plugin MLSDK
LogPluginManager: Mounting plugin ActorSequence
LogPluginManager: Mounting plugin LevelSequenceEditor
LogPluginManager: Mounting plugin MatineeToLevelSequence
LogPluginManager: Mounting plugin OnlineSubsystem
LogPluginManager: Mounting plugin TemplateSequence
LogPluginManager: Mounting plugin OnlineSubsystemNull
LogPluginManager: Mounting plugin OnlineSubsystemUtils
LogPluginManager: Mounting plugin ActorLayerUtilities
LogPluginManager: Mounting plugin LauncherChunkInstaller
LogPluginManager: Mounting plugin AndroidMoviePlayer
LogPluginManager: Mounting plugin AndroidDeviceProfileSelector
LogPluginManager: Mounting plugin AndroidPermission
LogPluginManager: Mounting plugin AppleImageUtils
LogPluginManager: Mounting plugin AppleMoviePlayer
LogPluginManager: Mounting plugin AssetTags
LogPluginManager: Mounting plugin ArchVisCharacter
LogPluginManager: Mounting plugin AudioCapture
LogPluginManager: Mounting plugin AudioSynesthesia
LogPluginManager: Mounting plugin CableComponent
LogPluginManager: Mounting plugin ChunkDownloader
LogPluginManager: Mounting plugin CustomMeshComponent
LogPluginManager: Mounting plugin EditableMesh
LogPluginManager: Mounting plugin ExampleDeviceProfileSelector
LogPluginManager: Mounting plugin GoogleCloudMessaging
LogPluginManager: Mounting plugin GooglePAD
LogPluginManager: Mounting plugin IOSDeviceProfileSelector
LogPluginManager: Mounting plugin LinuxDeviceProfileSelector
LogPluginManager: Mounting plugin LocationServicesBPLibrary
LogPluginManager: Mounting plugin MobilePatchingUtils
LogPluginManager: Mounting plugin OpenXR
LogPluginManager: Mounting plugin OpenXREyeTracker
LogPluginManager: Mounting plugin OpenXRHandTracking
LogPluginManager: Mounting plugin PostSplashScreen
LogPluginManager: Mounting plugin PhysXVehicles
LogPluginManager: Mounting plugin ProceduralMeshComponent
LogPluginManager: Mounting plugin PropertyAccessEditor
LogPluginManager: Mounting plugin SignificanceManager
LogPluginManager: Mounting plugin SoundFields
LogPluginManager: Mounting plugin RuntimePhysXCooking
LogPluginManager: Mounting plugin Synthesis
LogPluginManager: Mounting plugin WebMMoviePlayer
LogPluginManager: Mounting plugin WindowsMoviePlayer
LogPluginManager: Mounting plugin ScreenshotTools
LogPluginManager: Mounting plugin Takes
LogPluginManager: Mounting plugin ContentBrowserFileDataSource
LogPluginManager: Mounting plugin ContentBrowserClassDataSource
LogPluginManager: Mounting plugin ContentBrowserAssetDataSource
LogPluginManager: Mounting plugin OnlineSubsystemGooglePlay
LogPluginManager: Mounting plugin OnlineSubsystemIOS
LogPluginManager: Mounting plugin OculusVR
LogPluginManager: Mounting plugin SteamVR
PixWinPlugin: PIX capture plugin failed to initialize! Check that the process is launched from PIX.
LogInit: Using libcurl 7.55.1-DEV
LogInit:  - built for x86_64-pc-win32
LogInit:  - supports SSL with OpenSSL/1.1.1
LogInit:  - supports HTTP deflate (compression) using libz 1.2.8
LogInit:  - other features:
LogInit:      CURL_VERSION_SSL
LogInit:      CURL_VERSION_LIBZ
LogInit:      CURL_VERSION_IPV6
LogInit:      CURL_VERSION_ASYNCHDNS
LogInit:      CURL_VERSION_LARGEFILE
LogInit:      CURL_VERSION_IDN
LogInit:  CurlRequestOptions (configurable via config and command line):
LogInit:  - bVerifyPeer = true  - Libcurl will verify peer certificate
LogInit:  - bUseHttpProxy = false  - Libcurl will NOT use HTTP proxy
LogInit:  - bDontReuseConnections = false  - Libcurl will reuse connections
LogInit:  - MaxHostConnections = 16  - Libcurl will limit the number of connections to a host
LogInit:  - LocalHostAddr = Default
LogInit:  - BufferSize = 65536
LogOnline: OSS: Creating online subsystem instance for: NULL
LogInit: WinSock: version 1.1 (2.2), MaxSocks=32767, MaxUdp=65467
LogOnline: OSS: TryLoadSubsystemAndSetDefault: Loaded subsystem for module [NULL]
LogOculusPluginWrapper: OculusPlugin initialized successfully
LogHMD: Failed initializing OVRPlugin 1.59.0
LogInit: Build: ++UE4+Release-4.27-CL-18319896
LogInit: Engine Version: 4.27.2-18319896+++UE4+Release-4.27
LogInit: Compatible Engine Version: 4.27.0-17155196+++UE4+Release-4.27
LogInit: Net CL: 17155196
LogInit: OS: Windows 10 (Release 2009) (), CPU: 11th Gen Intel(R) Core(TM) i7-11700 @ 2.50GHz, GPU: NVIDIA GeForce RTX 3070
LogInit: Compiled (64-bit): Nov 30 2021 07:12:08
LogInit: Compiled with Visual C++: 19.24.28315.00
LogInit: Build Configuration: Development
LogInit: Branch Name: ++UE4+Release-4.27
LogInit: Command Line: 
LogInit: Base Directory: D:/UE_4.27/Engine/Binaries/Win64/
LogInit: Allocator: TBB
LogInit: Installed Engine Build: 1
LogDevObjectVersion: Number of dev versions registered: 29
LogDevObjectVersion:   Dev-Blueprints (B0D832E4-1F89-4F0D-ACCF-7EB736FD4AA2): 10
LogDevObjectVersion:   Dev-Build (E1C64328-A22C-4D53-A36C-8E866417BD8C): 0
LogDevObjectVersion:   Dev-Core (375EC13C-06E4-48FB-B500-84F0262A717E): 4
LogDevObjectVersion:   Dev-Editor (E4B068ED-F494-42E9-A231-DA0B2E46BB41): 40
LogDevObjectVersion:   Dev-Framework (CFFC743F-43B0-4480-9391-14DF171D2073): 37
LogDevObjectVersion:   Dev-Mobile (B02B49B5-BB20-44E9-A304-32B752E40360): 3
LogDevObjectVersion:   Dev-Networking (A4E4105C-59A1-49B5-A7C5-40C4547EDFEE): 0
LogDevObjectVersion:   Dev-Online (39C831C9-5AE6-47DC-9A44-9C173E1C8E7C): 0
LogDevObjectVersion:   Dev-Physics (78F01B33-EBEA-4F98-B9B4-84EACCB95AA2): 14
LogDevObjectVersion:   Dev-Platform (6631380F-2D4D-43E0-8009-CF276956A95A): 0
LogDevObjectVersion:   Dev-Rendering (12F88B9F-8875-4AFC-A67C-D90C383ABD29): 45
LogDevObjectVersion:   Dev-Sequencer (7B5AE74C-D270-4C10-A958-57980B212A5A): 13
LogDevObjectVersion:   Dev-VR (D7296918-1DD6-4BDD-9DE2-64A83CC13884): 3
LogDevObjectVersion:   Dev-LoadTimes (C2A15278-BFE7-4AFE-6C17-90FF531DF755): 1
LogDevObjectVersion:   Private-Geometry (6EACA3D4-40EC-4CC1-B786-8BED09428FC5): 3
LogDevObjectVersion:   Dev-AnimPhys (29E575DD-E0A3-4627-9D10-D276232CDCEA): 17
LogDevObjectVersion:   Dev-Anim (AF43A65D-7FD3-4947-9873-3E8ED9C1BB05): 15
LogDevObjectVersion:   Dev-ReflectionCapture (6B266CEC-1EC7-4B8F-A30B-E4D90942FC07): 1
LogDevObjectVersion:   Dev-Automation (0DF73D61-A23F-47EA-B727-89E90C41499A): 1
LogDevObjectVersion:   FortniteMain (601D1886-AC64-4F84-AA16-D3DE0DEAC7D6): 47
LogDevObjectVersion:   FortniteRelease (E7086368-6B23-4C58-8439-1B7016265E91): 1
LogDevObjectVersion:   Dev-Enterprise (9DFFBCD6-494F-0158-E221-12823C92A888): 10
LogDevObjectVersion:   Dev-Niagara (F2AED0AC-9AFE-416F-8664-AA7FFA26D6FC): 1
LogDevObjectVersion:   Dev-Destruction (174F1F0B-B4C6-45A5-B13F-2EE8D0FB917D): 10
LogDevObjectVersion:   Dev-Physics-Ext (35F94A83-E258-406C-A318-09F59610247C): 41
LogDevObjectVersion:   Dev-PhysicsMaterial-Chaos (B68FC16E-8B1B-42E2-B453-215C058844FE): 1
LogDevObjectVersion:   Dev-CineCamera (B2E18506-4273-CFC2-A54E-F4BB758BBA07): 1
LogDevObjectVersion:   Dev-VirtualProduction (64F58936-FD1B-42BA-BA96-7289D5D0FA4E): 1
LogDevObjectVersion:   Dev-MediaFramework (6F0ED827-A609-4895-9C91-998D90180EA4): 2
LogInit: Presizing for max 25165824 objects, including 0 objects not considered by GC, pre-allocating 0 bytes for permanent pool.
LogConfig: Applying CVar settings from Section [/Script/Engine.StreamingSettings] File [C:/Users/g.deleporte/Documents/ActionAventureSpeProg/ActionAventure/Saved/Config/Windows/Engine.ini]
LogConfig: Setting CVar [[s.MinBulkDataSizeForAsyncLoading:131072]]
LogConfig: Setting CVar [[s.AsyncLoadingThreadEnabled:0]]
LogConfig: Setting CVar [[s.EventDrivenLoaderEnabled:1]]
LogConfig: Setting CVar [[s.WarnIfTimeLimitExceeded:0]]
LogConfig: Setting CVar [[s.TimeLimitExceededMultiplier:1.5]]
LogConfig: Setting CVar [[s.TimeLimitExceededMinTime:0.005]]
LogConfig: Setting CVar [[s.UseBackgroundLevelStreaming:1]]
LogConfig: Setting CVar [[s.PriorityAsyncLoadingExtraTime:15.0]]
LogConfig: Setting CVar [[s.LevelStreamingActorsUpdateTimeLimit:5.0]]
LogConfig: Setting CVar [[s.PriorityLevelStreamingActorsUpdateExtraTime:5.0]]
LogConfig: Setting CVar [[s.LevelStreamingComponentsRegistrationGranularity:10]]
LogConfig: Setting CVar [[s.UnregisterComponentsTimeLimit:1.0]]
LogConfig: Setting CVar [[s.LevelStreamingComponentsUnregistrationGranularity:5]]
LogConfig: Setting CVar [[s.FlushStreamingOnExit:1]]
LogInit: Object subsystem initialized
LogConfig: Setting CVar [[con.DebugEarlyDefault:1]]
LogConfig: Setting CVar [[r.setres:1280x720]]
[2023.04.04-15.25.42:185][  0]LogConfig: Setting CVar [[r.VSync:0]]
[2023.04.04-15.25.42:185][  0]LogConfig: Setting CVar [[r.RHICmdBypass:0]]
[2023.04.04-15.25.42:185][  0]LogConfig: Applying CVar settings from Section [/Script/Engine.RendererSettings] File [C:/Users/g.deleporte/Documents/ActionAventureSpeProg/ActionAventure/Saved/Config/Windows/Engine.ini]
[2023.04.04-15.25.42:185][  0]LogConfig: Setting CVar [[r.GPUCrashDebugging:0]]
[2023.04.04-15.25.42:185][  0]LogConfig: Applying CVar settings from Section [/Script/Engine.RendererOverrideSettings] File [C:/Users/g.deleporte/Documents/ActionAventureSpeProg/ActionAventure/Saved/Config/Windows/Engine.ini]
[2023.04.04-15.25.42:185][  0]LogConfig: Applying CVar settings from Section [/Script/Engine.StreamingSettings] File [C:/Users/g.deleporte/Documents/ActionAventureSpeProg/ActionAventure/Saved/Config/Windows/Engine.ini]
[2023.04.04-15.25.42:185][  0]LogConfig: Setting CVar [[s.MinBulkDataSizeForAsyncLoading:131072]]
[2023.04.04-15.25.42:185][  0]LogConfig: Setting CVar [[s.AsyncLoadingThreadEnabled:0]]
[2023.04.04-15.25.42:185][  0]LogConfig: Setting CVar [[s.EventDrivenLoaderEnabled:1]]
[2023.04.04-15.25.42:185][  0]LogConfig: Setting CVar [[s.WarnIfTimeLimitExceeded:0]]
[2023.04.04-15.25.42:185][  0]LogConfig: Setting CVar [[s.TimeLimitExceededMultiplier:1.5]]
[2023.04.04-15.25.42:185][  0]LogConfig: Setting CVar [[s.TimeLimitExceededMinTime:0.005]]
[2023.04.04-15.25.42:185][  0]LogConfig: Setting CVar [[s.UseBackgroundLevelStreaming:1]]
[2023.04.04-15.25.42:185][  0]LogConfig: Setting CVar [[s.PriorityAsyncLoadingExtraTime:15.0]]
[2023.04.04-15.25.42:185][  0]LogConfig: Setting CVar [[s.LevelStreamingActorsUpdateTimeLimit:5.0]]
[2023.04.04-15.25.42:185][  0]LogConfig: Setting CVar [[s.PriorityLevelStreamingActorsUpdateExtraTime:5.0]]
[2023.04.04-15.25.42:185][  0]LogConfig: Setting CVar [[s.LevelStreamingComponentsRegistrationGranularity:10]]
[2023.04.04-15.25.42:185][  0]LogConfig: Setting CVar [[s.UnregisterComponentsTimeLimit:1.0]]
[2023.04.04-15.25.42:185][  0]LogConfig: Setting CVar [[s.LevelStreamingComponentsUnregistrationGranularity:5]]
[2023.04.04-15.25.42:185][  0]LogConfig: Setting CVar [[s.FlushStreamingOnExit:1]]
[2023.04.04-15.25.42:185][  0]LogConfig: Applying CVar settings from Section [/Script/Engine.GarbageCollectionSettings] File [C:/Users/g.deleporte/Documents/ActionAventureSpeProg/ActionAventure/Saved/Config/Windows/Engine.ini]
[2023.04.04-15.25.42:185][  0]LogConfig: Setting CVar [[gc.MaxObjectsNotConsideredByGC:1]]
[2023.04.04-15.25.42:185][  0]LogConfig: Setting CVar [[gc.SizeOfPermanentObjectPool:0]]
[2023.04.04-15.25.42:185][  0]LogConfig: Setting CVar [[gc.FlushStreamingOnGC:0]]
[2023.04.04-15.25.42:185][  0]LogConfig: Setting CVar [[gc.NumRetriesBeforeForcingGC:10]]
[2023.04.04-15.25.42:185][  0]LogConfig: Setting CVar [[gc.AllowParallelGC:1]]
[2023.04.04-15.25.42:185][  0]LogConfig: Setting CVar [[gc.TimeBetweenPurgingPendingKillObjects:61.1]]
[2023.04.04-15.25.42:185][  0]LogConfig: Setting CVar [[gc.MaxObjectsInEditor:25165824]]
[2023.04.04-15.25.42:185][  0]LogConfig: Setting CVar [[gc.IncrementalBeginDestroyEnabled:1]]
[2023.04.04-15.25.42:185][  0]LogConfig: Setting CVar [[gc.CreateGCClusters:1]]
[2023.04.04-15.25.42:185][  0]LogConfig: Setting CVar [[gc.MinGCClusterSize:5]]
[2023.04.04-15.25.42:185][  0]LogConfig: Setting CVar [[gc.ActorClusteringEnabled:0]]
[2023.04.04-15.25.42:185][  0]LogConfig: Setting CVar [[gc.BlueprintClusteringEnabled:0]]
[2023.04.04-15.25.42:185][  0]LogConfig: Setting CVar [[gc.UseDisregardForGCOnDedicatedServers:0]]
[2023.04.04-15.25.42:185][  0]LogConfig: Setting CVar [[gc.MultithreadedDestructionEnabled:1]]
[2023.04.04-15.25.42:185][  0]LogConfig: Applying CVar settings from Section [/Script/Engine.NetworkSettings] File [C:/Users/g.deleporte/Documents/ActionAventureSpeProg/ActionAventure/Saved/Config/Windows/Engine.ini]
[2023.04.04-15.25.42:185][  0]LogConfig: Applying CVar settings from Section [/Script/UnrealEd.CookerSettings] File [C:/Users/g.deleporte/Documents/ActionAventureSpeProg/ActionAventure/Saved/Config/Windows/Engine.ini]
[2023.04.04-15.25.42:190][  0]LogConfig: Applying CVar settings from Section [ViewDistanceQuality@3] File [C:/Users/g.deleporte/Documents/ActionAventureSpeProg/ActionAventure/Saved/Config/Windows/Scalability.ini]
[2023.04.04-15.25.42:190][  0]LogConfig: Setting CVar [[r.SkeletalMeshLODBias:0]]
[2023.04.04-15.25.42:190][  0]LogConfig: Setting CVar [[r.ViewDistanceScale:1.0]]
[2023.04.04-15.25.42:190][  0]LogConfig: Applying CVar settings from Section [AntiAliasingQuality@3] File [C:/Users/g.deleporte/Documents/ActionAventureSpeProg/ActionAventure/Saved/Config/Windows/Scalability.ini]
[2023.04.04-15.25.42:190][  0]LogConfig: Setting CVar [[r.PostProcessAAQuality:4]]
[2023.04.04-15.25.42:190][  0]LogConfig: Applying CVar settings from Section [ShadowQuality@3] File [C:/Users/g.deleporte/Documents/ActionAventureSpeProg/ActionAventure/Saved/Config/Windows/Scalability.ini]
[2023.04.04-15.25.42:190][  0]LogConfig: Setting CVar [[r.LightFunctionQuality:1]]
[2023.04.04-15.25.42:190][  0]LogConfig: Setting CVar [[r.ShadowQuality:5]]
[2023.04.04-15.25.42:190][  0]LogConfig: Setting CVar [[r.Shadow.CSM.MaxCascades:10]]
[2023.04.04-15.25.42:190][  0]LogConfig: Setting CVar [[r.Shadow.MaxResolution:2048]]
[2023.04.04-15.25.42:190][  0]LogConfig: Setting CVar [[r.Shadow.MaxCSMResolution:2048]]
[2023.04.04-15.25.42:190][  0]LogConfig: Setting CVar [[r.Shadow.RadiusThreshold:0.01]]
[2023.04.04-15.25.42:190][  0]LogConfig: Setting CVar [[r.Shadow.DistanceScale:1.0]]
[2023.04.04-15.25.42:190][  0]LogConfig: Setting CVar [[r.Shadow.CSM.TransitionScale:1.0]]
[2023.04.04-15.25.42:190][  0]LogConfig: Setting CVar [[r.Shadow.PreShadowResolutionFactor:1.0]]
[2023.04.04-15.25.42:190][  0]LogConfig: Setting CVar [[r.DistanceFieldShadowing:1]]
[2023.04.04-15.25.42:190][  0]LogConfig: Setting CVar [[r.DistanceFieldAO:1]]
[2023.04.04-15.25.42:190][  0]LogConfig: Setting CVar [[r.AOQuality:2]]
[2023.04.04-15.25.42:190][  0]LogConfig: Setting CVar [[r.VolumetricFog:1]]
[2023.04.04-15.25.42:190][  0]LogConfig: Setting CVar [[r.VolumetricFog.GridPixelSize:8]]
[2023.04.04-15.25.42:190][  0]LogConfig: Setting CVar [[r.VolumetricFog.GridSizeZ:128]]
[2023.04.04-15.25.42:190][  0]LogConfig: Setting CVar [[r.VolumetricFog.HistoryMissSupersampleCount:4]]
[2023.04.04-15.25.42:190][  0]LogConfig: Setting CVar [[r.LightMaxDrawDistanceScale:1]]
[2023.04.04-15.25.42:190][  0]LogConfig: Setting CVar [[r.CapsuleShadows:1]]
[2023.04.04-15.25.42:190][  0]LogConfig: Applying CVar settings from Section [PostProcessQuality@3] File [C:/Users/g.deleporte/Documents/ActionAventureSpeProg/ActionAventure/Saved/Config/Windows/Scalability.ini]
[2023.04.04-15.25.42:190][  0]LogConfig: Setting CVar [[r.MotionBlurQuality:4]]
[2023.04.04-15.25.42:190][  0]LogConfig: Setting CVar [[r.AmbientOcclusionMipLevelFactor:0.4]]
[2023.04.04-15.25.42:190][  0]LogConfig: Setting CVar [[r.AmbientOcclusionMaxQuality:100]]
[2023.04.04-15.25.42:190][  0]LogConfig: Setting CVar [[r.AmbientOcclusionLevels:-1]]
[2023.04.04-15.25.42:190][  0]LogConfig: Setting CVar [[r.AmbientOcclusionRadiusScale:1.0]]
[2023.04.04-15.25.42:190][  0]LogConfig: Setting CVar [[r.DepthOfFieldQuality:2]]
[2023.04.04-15.25.42:190][  0]LogConfig: Setting CVar [[r.RenderTargetPoolMin:400]]
[2023.04.04-15.25.42:190][  0]LogConfig: Setting CVar [[r.LensFlareQuality:2]]
[2023.04.04-15.25.42:190][  0]LogConfig: Setting CVar [[r.SceneColorFringeQuality:1]]
[2023.04.04-15.25.42:190][  0]LogConfig: Setting CVar [[r.EyeAdaptationQuality:2]]
[2023.04.04-15.25.42:190][  0]LogConfig: Setting CVar [[r.BloomQuality:5]]
[2023.04.04-15.25.42:190][  0]LogConfig: Setting CVar [[r.FastBlurThreshold:100]]
[2023.04.04-15.25.42:190][  0]LogConfig: Setting CVar [[r.Upscale.Quality:3]]
[2023.04.04-15.25.42:190][  0]LogConfig: Setting CVar [[r.Tonemapper.GrainQuantization:1]]
[2023.04.04-15.25.42:190][  0]LogConfig: Setting CVar [[r.LightShaftQuality:1]]
[2023.04.04-15.25.42:190][  0]LogConfig: Setting CVar [[r.Filter.SizeScale:1]]
[2023.04.04-15.25.42:190][  0]LogConfig: Setting CVar [[r.Tonemapper.Quality:5]]
[2023.04.04-15.25.42:190][  0]LogConfig: Setting CVar [[r.DOF.Gather.AccumulatorQuality:1        ; higher gathering accumulator quality]]
[2023.04.04-15.25.42:190][  0]LogConfig: Setting CVar [[r.DOF.Gather.PostfilterMethod:1          ; Median3x3 postfilering method]]
[2023.04.04-15.25.42:190][  0]LogConfig: Setting CVar [[r.DOF.Gather.EnableBokehSettings:0       ; no bokeh simulation when gathering]]
[2023.04.04-15.25.42:190][  0]LogConfig: Setting CVar [[r.DOF.Gather.RingCount:4                 ; medium number of samples when gathering]]
[2023.04.04-15.25.42:190][  0]LogConfig: Setting CVar [[r.DOF.Scatter.ForegroundCompositing:1    ; additive foreground scattering]]
[2023.04.04-15.25.42:190][  0]LogConfig: Setting CVar [[r.DOF.Scatter.BackgroundCompositing:2    ; additive background scattering]]
[2023.04.04-15.25.42:190][  0]LogConfig: Setting CVar [[r.DOF.Scatter.EnableBokehSettings:1      ; bokeh simulation when scattering]]
[2023.04.04-15.25.42:190][  0]LogConfig: Setting CVar [[r.DOF.Scatter.MaxSpriteRatio:0.1         ; only a maximum of 10% of scattered bokeh]]
[2023.04.04-15.25.42:190][  0]LogConfig: Setting CVar [[r.DOF.Recombine.Quality:1                ; cheap slight out of focus]]
[2023.04.04-15.25.42:190][  0]LogConfig: Setting CVar [[r.DOF.Recombine.EnableBokehSettings:0    ; no bokeh simulation on slight out of focus]]
[2023.04.04-15.25.42:190][  0]LogConfig: Setting CVar [[r.DOF.TemporalAAQuality:1                ; more stable temporal accumulation]]
[2023.04.04-15.25.42:190][  0]LogConfig: Setting CVar [[r.DOF.Kernel.MaxForegroundRadius:0.025]]
[2023.04.04-15.25.42:190][  0]LogConfig: Setting CVar [[r.DOF.Kernel.MaxBackgroundRadius:0.025]]
[2023.04.04-15.25.42:190][  0]LogConfig: Applying CVar settings from Section [TextureQuality@3] File [C:/Users/g.deleporte/Documents/ActionAventureSpeProg/ActionAventure/Saved/Config/Windows/Scalability.ini]
[2023.04.04-15.25.42:190][  0]LogConfig: Setting CVar [[r.Streaming.MipBias:0]]
[2023.04.04-15.25.42:190][  0]LogConfig: Setting CVar [[r.Streaming.AmortizeCPUToGPUCopy:0]]
[2023.04.04-15.25.42:190][  0]LogConfig: Setting CVar [[r.Streaming.MaxNumTexturesToStreamPerFrame:0]]
[2023.04.04-15.25.42:190][  0]LogConfig: Setting CVar [[r.Streaming.Boost:1]]
[2023.04.04-15.25.42:190][  0]LogConfig: Setting CVar [[r.MaxAnisotropy:8]]
[2023.04.04-15.25.42:190][  0]LogConfig: Setting CVar [[r.VT.MaxAnisotropy:8]]
[2023.04.04-15.25.42:190][  0]LogConfig: Setting CVar [[r.Streaming.LimitPoolSizeToVRAM:0]]
[2023.04.04-15.25.42:190][  0]LogConfig: Setting CVar [[r.Streaming.PoolSize:1000]]
[2023.04.04-15.25.42:190][  0]LogConfig: Setting CVar [[r.Streaming.MaxEffectiveScreenSize:0]]
[2023.04.04-15.25.42:190][  0]LogConfig: Applying CVar settings from Section [EffectsQuality@3] File [C:/Users/g.deleporte/Documents/ActionAventureSpeProg/ActionAventure/Saved/Config/Windows/Scalability.ini]
[2023.04.04-15.25.42:190][  0]LogConfig: Setting CVar [[r.TranslucencyLightingVolumeDim:64]]
[2023.04.04-15.25.42:190][  0]LogConfig: Setting CVar [[r.RefractionQuality:2]]
[2023.04.04-15.25.42:190][  0]LogConfig: Setting CVar [[r.SSR.Quality:3]]
[2023.04.04-15.25.42:190][  0]LogConfig: Setting CVar [[r.SSR.HalfResSceneColor:0]]
[2023.04.04-15.25.42:190][  0]LogConfig: Setting CVar [[r.SceneColorFormat:4]]
[2023.04.04-15.25.42:190][  0]LogConfig: Setting CVar [[r.DetailMode:2]]
[2023.04.04-15.25.42:190][  0]LogConfig: Setting CVar [[r.TranslucencyVolumeBlur:1]]
[2023.04.04-15.25.42:190][  0]LogConfig: Setting CVar [[r.MaterialQualityLevel:1 ; High quality]]
[2023.04.04-15.25.42:190][  0]LogConfig: Setting CVar [[r.AnisotropicMaterials:1]]
[2023.04.04-15.25.42:190][  0]LogConfig: Setting CVar [[r.SSS.Scale:1]]
[2023.04.04-15.25.42:190][  0]LogConfig: Setting CVar [[r.SSS.SampleSet:2]]
[2023.04.04-15.25.42:190][  0]LogConfig: Setting CVar [[r.SSS.Quality:1]]
[2023.04.04-15.25.42:190][  0]LogConfig: Setting CVar [[r.SSS.HalfRes:0]]
[2023.04.04-15.25.42:190][  0]LogConfig: Setting CVar [[r.SSGI.Quality:3]]
[2023.04.04-15.25.42:190][  0]LogConfig: Setting CVar [[r.EmitterSpawnRateScale:1.0]]
[2023.04.04-15.25.42:190][  0]LogConfig: Setting CVar [[r.ParticleLightQuality:2]]
[2023.04.04-15.25.42:190][  0]LogConfig: Setting CVar [[r.SkyAtmosphere.AerialPerspectiveLUT.FastApplyOnOpaque:1 ; Always have FastSkyLUT 1 in this case to avoid wrong sky]]
[2023.04.04-15.25.42:190][  0]LogConfig: Setting CVar [[r.SkyAtmosphere.AerialPerspectiveLUT.SampleCountMaxPerSlice:4]]
[2023.04.04-15.25.42:190][  0]LogConfig: Setting CVar [[r.SkyAtmosphere.AerialPerspectiveLUT.DepthResolution:16.0]]
[2023.04.04-15.25.42:190][  0]LogConfig: Setting CVar [[r.SkyAtmosphere.FastSkyLUT:1]]
[2023.04.04-15.25.42:190][  0]LogConfig: Setting CVar [[r.SkyAtmosphere.FastSkyLUT.SampleCountMin:4.0]]
[2023.04.04-15.25.42:190][  0]LogConfig: Setting CVar [[r.SkyAtmosphere.FastSkyLUT.SampleCountMax:128.0]]
[2023.04.04-15.25.42:190][  0]LogConfig: Setting CVar [[r.SkyAtmosphere.SampleCountMin:4.0]]
[2023.04.04-15.25.42:190][  0]LogConfig: Setting CVar [[r.SkyAtmosphere.SampleCountMax:128.0]]
[2023.04.04-15.25.42:190][  0]LogConfig: Setting CVar [[r.SkyAtmosphere.TransmittanceLUT.UseSmallFormat:0]]
[2023.04.04-15.25.42:190][  0]LogConfig: Setting CVar [[r.SkyAtmosphere.TransmittanceLUT.SampleCount:10.0]]
[2023.04.04-15.25.42:190][  0]LogConfig: Setting CVar [[r.SkyAtmosphere.MultiScatteringLUT.SampleCount:15.0]]
[2023.04.04-15.25.42:190][  0]LogConfig: Setting CVar [[r.SkyLight.RealTimeReflectionCapture:1]]
[2023.04.04-15.25.42:190][  0]LogConfig: Applying CVar settings from Section [FoliageQuality@3] File [C:/Users/g.deleporte/Documents/ActionAventureSpeProg/ActionAventure/Saved/Config/Windows/Scalability.ini]
[2023.04.04-15.25.42:190][  0]LogConfig: Setting CVar [[foliage.DensityScale:1.0]]
[2023.04.04-15.25.42:190][  0]LogConfig: Setting CVar [[grass.DensityScale:1.0]]
[2023.04.04-15.25.42:190][  0]LogConfig: Applying CVar settings from Section [ShadingQuality@3] File [C:/Users/g.deleporte/Documents/ActionAventureSpeProg/ActionAventure/Saved/Config/Windows/Scalability.ini]
[2023.04.04-15.25.42:190][  0]LogConfig: Setting CVar [[r.HairStrands.SkyLighting.IntegrationType:2]]
[2023.04.04-15.25.42:190][  0]LogConfig: Setting CVar [[r.HairStrands.SkyAO.SampleCount:4]]
[2023.04.04-15.25.42:190][  0]LogConfig: Setting CVar [[r.HairStrands.Visibility.MSAA.SamplePerPixel:4]]
[2023.04.04-15.25.42:190][  0]LogInit: Selected Device Profile: [Windows]
[2023.04.04-15.25.42:190][  0]LogInit: Applying CVar settings loaded from the selected device profile: [Windows]
[2023.04.04-15.25.42:190][  0]LogHAL: Display: Platform has ~ 16 GB [16945225728 / 17179869184 / 16], which maps to Larger [LargestMinGB=32, LargerMinGB=12, DefaultMinGB=8, SmallerMinGB=6, SmallestMinGB=0)
[2023.04.04-15.25.42:190][  0]LogInit: Going up to parent DeviceProfile []
[2023.04.04-15.25.42:190][  0]LogConfig: Applying CVar settings from Section [ViewDistanceQuality@3] File [C:/Users/g.deleporte/Documents/ActionAventureSpeProg/ActionAventure/Saved/Config/Windows/Scalability.ini]
[2023.04.04-15.25.42:190][  0]LogConfig: Setting CVar [[r.SkeletalMeshLODBias:0]]
[2023.04.04-15.25.42:190][  0]LogConfig: Setting CVar [[r.ViewDistanceScale:1.0]]
[2023.04.04-15.25.42:190][  0]LogConfig: Applying CVar settings from Section [AntiAliasingQuality@3] File [C:/Users/g.deleporte/Documents/ActionAventureSpeProg/ActionAventure/Saved/Config/Windows/Scalability.ini]
[2023.04.04-15.25.42:190][  0]LogConfig: Setting CVar [[r.PostProcessAAQuality:4]]
[2023.04.04-15.25.42:191][  0]LogConfig: Applying CVar settings from Section [ShadowQuality@3] File [C:/Users/g.deleporte/Documents/ActionAventureSpeProg/ActionAventure/Saved/Config/Windows/Scalability.ini]
[2023.04.04-15.25.42:191][  0]LogConfig: Setting CVar [[r.LightFunctionQuality:1]]
[2023.04.04-15.25.42:191][  0]LogConfig: Setting CVar [[r.ShadowQuality:5]]
[2023.04.04-15.25.42:191][  0]LogConfig: Setting CVar [[r.Shadow.CSM.MaxCascades:10]]
[2023.04.04-15.25.42:191][  0]LogConfig: Setting CVar [[r.Shadow.MaxResolution:2048]]
[2023.04.04-15.25.42:191][  0]LogConfig: Setting CVar [[r.Shadow.MaxCSMResolution:2048]]
[2023.04.04-15.25.42:191][  0]LogConfig: Setting CVar [[r.Shadow.RadiusThreshold:0.01]]
[2023.04.04-15.25.42:191][  0]LogConfig: Setting CVar [[r.Shadow.DistanceScale:1.0]]
[2023.04.04-15.25.42:191][  0]LogConfig: Setting CVar [[r.Shadow.CSM.TransitionScale:1.0]]
[2023.04.04-15.25.42:191][  0]LogConfig: Setting CVar [[r.Shadow.PreShadowResolutionFactor:1.0]]
[2023.04.04-15.25.42:191][  0]LogConfig: Setting CVar [[r.DistanceFieldShadowing:1]]
[2023.04.04-15.25.42:191][  0]LogConfig: Setting CVar [[r.DistanceFieldAO:1]]
[2023.04.04-15.25.42:191][  0]LogConfig: Setting CVar [[r.AOQuality:2]]
[2023.04.04-15.25.42:191][  0]LogConfig: Setting CVar [[r.VolumetricFog:1]]
[2023.04.04-15.25.42:191][  0]LogConfig: Setting CVar [[r.VolumetricFog.GridPixelSize:8]]
[2023.04.04-15.25.42:191][  0]LogConfig: Setting CVar [[r.VolumetricFog.GridSizeZ:128]]
[2023.04.04-15.25.42:191][  0]LogConfig: Setting CVar [[r.VolumetricFog.HistoryMissSupersampleCount:4]]
[2023.04.04-15.25.42:191][  0]LogConfig: Setting CVar [[r.LightMaxDrawDistanceScale:1]]
[2023.04.04-15.25.42:191][  0]LogConfig: Setting CVar [[r.CapsuleShadows:1]]
[2023.04.04-15.25.42:191][  0]LogConfig: Applying CVar settings from Section [PostProcessQuality@3] File [C:/Users/g.deleporte/Documents/ActionAventureSpeProg/ActionAventure/Saved/Config/Windows/Scalability.ini]
[2023.04.04-15.25.42:191][  0]LogConfig: Setting CVar [[r.MotionBlurQuality:4]]
[2023.04.04-15.25.42:191][  0]LogConfig: Setting CVar [[r.AmbientOcclusionMipLevelFactor:0.4]]
[2023.04.04-15.25.42:191][  0]LogConfig: Setting CVar [[r.AmbientOcclusionMaxQuality:100]]
[2023.04.04-15.25.42:191][  0]LogConfig: Setting CVar [[r.AmbientOcclusionLevels:-1]]
[2023.04.04-15.25.42:191][  0]LogConfig: Setting CVar [[r.AmbientOcclusionRadiusScale:1.0]]
[2023.04.04-15.25.42:191][  0]LogConfig: Setting CVar [[r.DepthOfFieldQuality:2]]
[2023.04.04-15.25.42:191][  0]LogConfig: Setting CVar [[r.RenderTargetPoolMin:400]]
[2023.04.04-15.25.42:191][  0]LogConfig: Setting CVar [[r.LensFlareQuality:2]]
[2023.04.04-15.25.42:191][  0]LogConfig: Setting CVar [[r.SceneColorFringeQuality:1]]
[2023.04.04-15.25.42:191][  0]LogConfig: Setting CVar [[r.EyeAdaptationQuality:2]]
[2023.04.04-15.25.42:191][  0]LogConfig: Setting CVar [[r.BloomQuality:5]]
[2023.04.04-15.25.42:191][  0]LogConfig: Setting CVar [[r.FastBlurThreshold:100]]
[2023.04.04-15.25.42:191][  0]LogConfig: Setting CVar [[r.Upscale.Quality:3]]
[2023.04.04-15.25.42:191][  0]LogConfig: Setting CVar [[r.Tonemapper.GrainQuantization:1]]
[2023.04.04-15.25.42:191][  0]LogConfig: Setting CVar [[r.LightShaftQuality:1]]
[2023.04.04-15.25.42:191][  0]LogConfig: Setting CVar [[r.Filter.SizeScale:1]]
[2023.04.04-15.25.42:191][  0]LogConfig: Setting CVar [[r.Tonemapper.Quality:5]]
[2023.04.04-15.25.42:191][  0]LogConfig: Setting CVar [[r.DOF.Gather.AccumulatorQuality:1        ; higher gathering accumulator quality]]
[2023.04.04-15.25.42:191][  0]LogConfig: Setting CVar [[r.DOF.Gather.PostfilterMethod:1          ; Median3x3 postfilering method]]
[2023.04.04-15.25.42:191][  0]LogConfig: Setting CVar [[r.DOF.Gather.EnableBokehSettings:0       ; no bokeh simulation when gathering]]
[2023.04.04-15.25.42:191][  0]LogConfig: Setting CVar [[r.DOF.Gather.RingCount:4                 ; medium number of samples when gathering]]
[2023.04.04-15.25.42:191][  0]LogConfig: Setting CVar [[r.DOF.Scatter.ForegroundCompositing:1    ; additive foreground scattering]]
[2023.04.04-15.25.42:191][  0]LogConfig: Setting CVar [[r.DOF.Scatter.BackgroundCompositing:2    ; additive background scattering]]
[2023.04.04-15.25.42:191][  0]LogConfig: Setting CVar [[r.DOF.Scatter.EnableBokehSettings:1      ; bokeh simulation when scattering]]
[2023.04.04-15.25.42:191][  0]LogConfig: Setting CVar [[r.DOF.Scatter.MaxSpriteRatio:0.1         ; only a maximum of 10% of scattered bokeh]]
[2023.04.04-15.25.42:191][  0]LogConfig: Setting CVar [[r.DOF.Recombine.Quality:1                ; cheap slight out of focus]]
[2023.04.04-15.25.42:191][  0]LogConfig: Setting CVar [[r.DOF.Recombine.EnableBokehSettings:0    ; no bokeh simulation on slight out of focus]]
[2023.04.04-15.25.42:191][  0]LogConfig: Setting CVar [[r.DOF.TemporalAAQuality:1                ; more stable temporal accumulation]]
[2023.04.04-15.25.42:191][  0]LogConfig: Setting CVar [[r.DOF.Kernel.MaxForegroundRadius:0.025]]
[2023.04.04-15.25.42:191][  0]LogConfig: Setting CVar [[r.DOF.Kernel.MaxBackgroundRadius:0.025]]
[2023.04.04-15.25.42:191][  0]LogConfig: Applying CVar settings from Section [TextureQuality@3] File [C:/Users/g.deleporte/Documents/ActionAventureSpeProg/ActionAventure/Saved/Config/Windows/Scalability.ini]
[2023.04.04-15.25.42:191][  0]LogConfig: Setting CVar [[r.Streaming.MipBias:0]]
[2023.04.04-15.25.42:191][  0]LogConfig: Setting CVar [[r.Streaming.AmortizeCPUToGPUCopy:0]]
[2023.04.04-15.25.42:191][  0]LogConfig: Setting CVar [[r.Streaming.MaxNumTexturesToStreamPerFrame:0]]
[2023.04.04-15.25.42:191][  0]LogConfig: Setting CVar [[r.Streaming.Boost:1]]
[2023.04.04-15.25.42:191][  0]LogConfig: Setting CVar [[r.MaxAnisotropy:8]]
[2023.04.04-15.25.42:191][  0]LogConfig: Setting CVar [[r.VT.MaxAnisotropy:8]]
[2023.04.04-15.25.42:191][  0]LogConfig: Setting CVar [[r.Streaming.LimitPoolSizeToVRAM:0]]
[2023.04.04-15.25.42:191][  0]LogConfig: Setting CVar [[r.Streaming.PoolSize:1000]]
[2023.04.04-15.25.42:191][  0]LogConfig: Setting CVar [[r.Streaming.MaxEffectiveScreenSize:0]]
[2023.04.04-15.25.42:191][  0]LogConfig: Applying CVar settings from Section [EffectsQuality@3] File [C:/Users/g.deleporte/Documents/ActionAventureSpeProg/ActionAventure/Saved/Config/Windows/Scalability.ini]
[2023.04.04-15.25.42:191][  0]LogConfig: Setting CVar [[r.TranslucencyLightingVolumeDim:64]]
[2023.04.04-15.25.42:191][  0]LogConfig: Setting CVar [[r.RefractionQuality:2]]
[2023.04.04-15.25.42:191][  0]LogConfig: Setting CVar [[r.SSR.Quality:3]]
[2023.04.04-15.25.42:191][  0]LogConfig: Setting CVar [[r.SSR.HalfResSceneColor:0]]
[2023.04.04-15.25.42:191][  0]LogConfig: Setting CVar [[r.SceneColorFormat:4]]
[2023.04.04-15.25.42:191][  0]LogConfig: Setting CVar [[r.DetailMode:2]]
[2023.04.04-15.25.42:191][  0]LogConfig: Setting CVar [[r.TranslucencyVolumeBlur:1]]
[2023.04.04-15.25.42:191][  0]LogConfig: Setting CVar [[r.MaterialQualityLevel:1 ; High quality]]
[2023.04.04-15.25.42:191][  0]LogConfig: Setting CVar [[r.AnisotropicMaterials:1]]
[2023.04.04-15.25.42:191][  0]LogConfig: Setting CVar [[r.SSS.Scale:1]]
[2023.04.04-15.25.42:191][  0]LogConfig: Setting CVar [[r.SSS.SampleSet:2]]
[2023.04.04-15.25.42:191][  0]LogConfig: Setting CVar [[r.SSS.Quality:1]]
[2023.04.04-15.25.42:191][  0]LogConfig: Setting CVar [[r.SSS.HalfRes:0]]
[2023.04.04-15.25.42:191][  0]LogConfig: Setting CVar [[r.SSGI.Quality:3]]
[2023.04.04-15.25.42:191][  0]LogConfig: Setting CVar [[r.EmitterSpawnRateScale:1.0]]
[2023.04.04-15.25.42:191][  0]LogConfig: Setting CVar [[r.ParticleLightQuality:2]]
[2023.04.04-15.25.42:191][  0]LogConfig: Setting CVar [[r.SkyAtmosphere.AerialPerspectiveLUT.FastApplyOnOpaque:1 ; Always have FastSkyLUT 1 in this case to avoid wrong sky]]
[2023.04.04-15.25.42:191][  0]LogConfig: Setting CVar [[r.SkyAtmosphere.AerialPerspectiveLUT.SampleCountMaxPerSlice:4]]
[2023.04.04-15.25.42:191][  0]LogConfig: Setting CVar [[r.SkyAtmosphere.AerialPerspectiveLUT.DepthResolution:16.0]]
[2023.04.04-15.25.42:191][  0]LogConfig: Setting CVar [[r.SkyAtmosphere.FastSkyLUT:1]]
[2023.04.04-15.25.42:191][  0]LogConfig: Setting CVar [[r.SkyAtmosphere.FastSkyLUT.SampleCountMin:4.0]]
[2023.04.04-15.25.42:191][  0]LogConfig: Setting CVar [[r.SkyAtmosphere.FastSkyLUT.SampleCountMax:128.0]]
[2023.04.04-15.25.42:191][  0]LogConfig: Setting CVar [[r.SkyAtmosphere.SampleCountMin:4.0]]
[2023.04.04-15.25.42:191][  0]LogConfig: Setting CVar [[r.SkyAtmosphere.SampleCountMax:128.0]]
[2023.04.04-15.25.42:191][  0]LogConfig: Setting CVar [[r.SkyAtmosphere.TransmittanceLUT.UseSmallFormat:0]]
[2023.04.04-15.25.42:191][  0]LogConfig: Setting CVar [[r.SkyAtmosphere.TransmittanceLUT.SampleCount:10.0]]
[2023.04.04-15.25.42:191][  0]LogConfig: Setting CVar [[r.SkyAtmosphere.MultiScatteringLUT.SampleCount:15.0]]
[2023.04.04-15.25.42:191][  0]LogConfig: Setting CVar [[r.SkyLight.RealTimeReflectionCapture:1]]
[2023.04.04-15.25.42:191][  0]LogConfig: Applying CVar settings from Section [FoliageQuality@3] File [C:/Users/g.deleporte/Documents/ActionAventureSpeProg/ActionAventure/Saved/Config/Windows/Scalability.ini]
[2023.04.04-15.25.42:191][  0]LogConfig: Setting CVar [[foliage.DensityScale:1.0]]
[2023.04.04-15.25.42:191][  0]LogConfig: Setting CVar [[grass.DensityScale:1.0]]
[2023.04.04-15.25.42:191][  0]LogConfig: Applying CVar settings from Section [ShadingQuality@3] File [C:/Users/g.deleporte/Documents/ActionAventureSpeProg/ActionAventure/Saved/Config/Windows/Scalability.ini]
[2023.04.04-15.25.42:191][  0]LogConfig: Setting CVar [[r.HairStrands.SkyLighting.IntegrationType:2]]
[2023.04.04-15.25.42:191][  0]LogConfig: Setting CVar [[r.HairStrands.SkyAO.SampleCount:4]]
[2023.04.04-15.25.42:191][  0]LogConfig: Setting CVar [[r.HairStrands.Visibility.MSAA.SamplePerPixel:4]]
[2023.04.04-15.25.42:191][  0]LogConfig: Applying CVar settings from Section [Startup] File [../../../Engine/Config/ConsoleVariables.ini]
[2023.04.04-15.25.42:191][  0]LogConfig: Setting CVar [[net.UseAdaptiveNetUpdateFrequency:0]]
[2023.04.04-15.25.42:191][  0]LogConfig: Setting CVar [[p.chaos.AllowCreatePhysxBodies:1]]
[2023.04.04-15.25.42:191][  0]LogConfig: Setting CVar [[fx.SkipVectorVMBackendOptimizations:1]]
[2023.04.04-15.25.42:191][  0]LogConfig: Applying CVar settings from Section [ConsoleVariables] File [C:/Users/g.deleporte/Documents/ActionAventureSpeProg/ActionAventure/Saved/Config/Windows/Engine.ini]
[2023.04.04-15.25.42:191][  0]LogConfig: Applying CVar settings from Section [ConsoleVariables] File [C:/Users/g.deleporte/Documents/ActionAventureSpeProg/ActionAventure/Saved/Config/Windows/Editor.ini]
[2023.04.04-15.25.42:191][  0]LogInit: Computer: RNSS20611
[2023.04.04-15.25.42:191][  0]LogInit: User: gdeleporte
[2023.04.04-15.25.42:191][  0]LogInit: CPU Page size=4096, Cores=8
[2023.04.04-15.25.42:191][  0]LogInit: High frequency timer resolution =10.000000 MHz
[2023.04.04-15.25.42:191][  0]LogMemory: Memory total: Physical=15.8GB (16GB approx)
[2023.04.04-15.25.42:191][  0]LogMemory: Platform Memory Stats for Windows
[2023.04.04-15.25.42:191][  0]LogMemory: Process Physical Memory: 154.66 MB used, 154.66 MB peak
[2023.04.04-15.25.42:191][  0]LogMemory: Process Virtual Memory: 135.36 MB used, 135.36 MB peak
[2023.04.04-15.25.42:191][  0]LogMemory: Physical Memory: 7196.62 MB used,  8963.61 MB free, 16160.23 MB total
[2023.04.04-15.25.42:191][  0]LogMemory: Virtual Memory: 134207576.00 MB used,  10150.45 MB free, 134217728.00 MB total
[2023.04.04-15.25.42:194][  0]LogWindows: WindowsPlatformFeatures enabled
[2023.04.04-15.25.42:311][  0]LogInit: Physics initialised using underlying interface: PhysX
[2023.04.04-15.25.42:335][  0]LogInit: Using OS detected language (fr-FR).
[2023.04.04-15.25.42:335][  0]LogInit: Using OS detected locale (fr-FR).
[2023.04.04-15.25.42:336][  0]LogTextLocalizationManager: No specific localization for 'fr-FR' exists, so the 'fr' localization will be used.
[2023.04.04-15.25.42:336][  0]LogTextLocalizationResource: LocRes '../../../Engine/Content/Localization/Editor/fr/Editor.locres' could not be opened for reading!
[2023.04.04-15.25.42:337][  0]LogTextLocalizationResource: LocRes '../../../Engine/Content/Localization/EditorTutorials/fr/EditorTutorials.locres' could not be opened for reading!
[2023.04.04-15.25.42:337][  0]LogTextLocalizationResource: LocRes '../../../Engine/Content/Localization/Keywords/fr/Keywords.locres' could not be opened for reading!
[2023.04.04-15.25.42:337][  0]LogTextLocalizationResource: LocRes '../../../Engine/Content/Localization/Category/fr/Category.locres' could not be opened for reading!
[2023.04.04-15.25.42:337][  0]LogTextLocalizationResource: LocRes '../../../Engine/Content/Localization/ToolTips/fr/ToolTips.locres' could not be opened for reading!
[2023.04.04-15.25.42:337][  0]LogTextLocalizationResource: LocRes '../../../Engine/Content/Localization/PropertyNames/fr/PropertyNames.locres' could not be opened for reading!
[2023.04.04-15.25.42:337][  0]LogTextLocalizationResource: LocRes '../../../Engine/Content/Localization/Engine/fr/Engine.locres' could not be opened for reading!
[2023.04.04-15.25.42:345][  0]LogInit: Setting process to per monitor DPI aware
[2023.04.04-15.25.42:365][  0]LogWindowsTextInputMethodSystem: Display: IME system deactivated.
[2023.04.04-15.25.42:381][  0]LogSlate: New Slate User Created.  User Index 0, Is Virtual User: 0
[2023.04.04-15.25.42:381][  0]LogSlate: Slate User Registered.  User Index 0, Is Virtual User: 0
[2023.04.04-15.25.42:470][  0]LogD3D11RHI: Loaded GFSDK_Aftermath_Lib.x64.dll
[2023.04.04-15.25.42:473][  0]LogHMD: Failed to initialize OpenVR with code 110
[2023.04.04-15.25.42:473][  0]LogD3D11RHI: D3D11 min allowed feature level: 11_0
[2023.04.04-15.25.42:473][  0]LogD3D11RHI: D3D11 max allowed feature level: 11_0
[2023.04.04-15.25.42:473][  0]LogD3D11RHI: D3D11 adapters:
[2023.04.04-15.25.42:554][  0]LogD3D11RHI:    0. 'NVIDIA GeForce RTX 3070' (Feature Level 11_0)
[2023.04.04-15.25.42:554][  0]LogD3D11RHI:       8043/0/8080 MB DedicatedVideo/DedicatedSystem/SharedSystem, Outputs:1, VendorId:0x10de
[2023.04.04-15.25.42:599][  0]LogD3D11RHI:    1. 'Intel(R) UHD Graphics 750' (Feature Level 11_0)
[2023.04.04-15.25.42:599][  0]LogD3D11RHI:       128/0/8080 MB DedicatedVideo/DedicatedSystem/SharedSystem, Outputs:0, VendorId:0x8086
[2023.04.04-15.25.42:602][  0]LogD3D11RHI:    2. 'Microsoft Basic Render Driver' (Feature Level 11_0)
[2023.04.04-15.25.42:602][  0]LogD3D11RHI:       0/0/8080 MB DedicatedVideo/DedicatedSystem/SharedSystem, Outputs:0, VendorId:0x1414
[2023.04.04-15.25.42:602][  0]LogD3D11RHI: Chosen D3D11 Adapter:
[2023.04.04-15.25.42:602][  0]LogD3D11RHI:     Description : NVIDIA GeForce RTX 3070
[2023.04.04-15.25.42:602][  0]LogD3D11RHI:     VendorId    : 10de
[2023.04.04-15.25.42:602][  0]LogD3D11RHI:     DeviceId    : 2484
[2023.04.04-15.25.42:602][  0]LogD3D11RHI:     SubSysId    : 88dc103c
[2023.04.04-15.25.42:602][  0]LogD3D11RHI:     Revision    : 00a1
[2023.04.04-15.25.42:602][  0]LogD3D11RHI:     DedicatedVideoMemory : 8433696768 bytes
[2023.04.04-15.25.42:602][  0]LogD3D11RHI:     DedicatedSystemMemory : 0 bytes
[2023.04.04-15.25.42:602][  0]LogD3D11RHI:     SharedSystemMemory : 8472612864 bytes
[2023.04.04-15.25.42:602][  0]LogD3D11RHI:     AdapterLuid : 0 58599
[2023.04.04-15.25.42:606][  0]LogD3D11RHI: Creating new Direct3DDevice
[2023.04.04-15.25.42:606][  0]LogD3D11RHI:     GPU DeviceId: 0x2484 (for the marketing name, search the web for "GPU Device Id")
[2023.04.04-15.25.42:606][  0]LogWindows: EnumDisplayDevices:
[2023.04.04-15.25.42:607][  0]LogWindows:    0. 'NVIDIA GeForce RTX 3070' (P:1 D:1)
[2023.04.04-15.25.42:607][  0]LogWindows:    1. 'NVIDIA GeForce RTX 3070' (P:0 D:0)
[2023.04.04-15.25.42:607][  0]LogWindows:    2. 'NVIDIA GeForce RTX 3070' (P:0 D:0)
[2023.04.04-15.25.42:607][  0]LogWindows:    3. 'NVIDIA GeForce RTX 3070' (P:0 D:0)
[2023.04.04-15.25.42:607][  0]LogWindows:    4. 'Intel(R) UHD Graphics 750' (P:0 D:0)
[2023.04.04-15.25.42:607][  0]LogWindows:    5. 'Intel(R) UHD Graphics 750' (P:0 D:0)
[2023.04.04-15.25.42:607][  0]LogWindows:    6. 'Intel(R) UHD Graphics 750' (P:0 D:0)
[2023.04.04-15.25.42:607][  0]LogWindows: DebugString: PrimaryIsNotTheChoosenAdapter PrimaryIsNotTheChoosenAdapter PrimaryIsNotTheChoosenAdapter FoundDriverCount:4 
[2023.04.04-15.25.42:607][  0]LogD3D11RHI:     Adapter Name: NVIDIA GeForce RTX 3070
[2023.04.04-15.25.42:607][  0]LogD3D11RHI:   Driver Version: 472.91 (internal:30.0.14.7291, unified:472.91)
[2023.04.04-15.25.42:607][  0]LogD3D11RHI:      Driver Date: 12-13-2021
[2023.04.04-15.25.42:607][  0]LogRHI: Texture pool is 5630 MB (70% of 8043 MB)
[2023.04.04-15.25.42:607][  0]LogD3D11RHI: Creating D3DDevice using adapter:
[2023.04.04-15.25.42:607][  0]LogD3D11RHI:     Description : NVIDIA GeForce RTX 3070
[2023.04.04-15.25.42:607][  0]LogD3D11RHI:     VendorId    : 10de
[2023.04.04-15.25.42:607][  0]LogD3D11RHI:     DeviceId    : 2484
[2023.04.04-15.25.42:607][  0]LogD3D11RHI:     SubSysId    : 88dc103c
[2023.04.04-15.25.42:607][  0]LogD3D11RHI:     Revision    : 00a1
[2023.04.04-15.25.42:607][  0]LogD3D11RHI:     DedicatedVideoMemory : 8433696768 bytes
[2023.04.04-15.25.42:607][  0]LogD3D11RHI:     DedicatedSystemMemory : 0 bytes
[2023.04.04-15.25.42:607][  0]LogD3D11RHI:     SharedSystemMemory : 8472612864 bytes
[2023.04.04-15.25.42:607][  0]LogD3D11RHI:     AdapterLuid : 0 58599
[2023.04.04-15.25.42:686][  0]LogD3D11RHI: RHI has support for 64 bit atomics
[2023.04.04-15.25.42:686][  0]LogD3D11RHI: Async texture creation enabled
[2023.04.04-15.25.42:686][  0]LogD3D11RHI: Array index from any shader is supported
[2023.04.04-15.25.42:687][  0]LogD3D11RHI: HDR output is supported on display 0 (NvId: 0x80061083).
[2023.04.04-15.25.42:700][  0]LogD3D11RHI: GPU Timing Frequency: 1000.000000 (Debug: 2 1)
[2023.04.04-15.25.42:717][  0]LogRHI: GeForceNow SDK initialized: 1
[2023.04.04-15.25.42:941][  0]LogTargetPlatformManager: Display: Loaded TargetPlatform 'AllDesktop'
[2023.04.04-15.25.42:954][  0]LogTargetPlatformManager: Display: Loaded TargetPlatform 'Android'
[2023.04.04-15.25.42:954][  0]LogTargetPlatformManager: Display: Loaded TargetPlatform 'Android_ASTC'
[2023.04.04-15.25.42:954][  0]LogTargetPlatformManager: Display: Loaded TargetPlatform 'Android_DXT'
[2023.04.04-15.25.42:954][  0]LogTargetPlatformManager: Display: Loaded TargetPlatform 'Android_ETC2'
[2023.04.04-15.25.42:954][  0]LogTargetPlatformManager: Display: Loaded TargetPlatform 'AndroidClient'
[2023.04.04-15.25.42:954][  0]LogTargetPlatformManager: Display: Loaded TargetPlatform 'Android_ASTCClient'
[2023.04.04-15.25.42:954][  0]LogTargetPlatformManager: Display: Loaded TargetPlatform 'Android_DXTClient'
[2023.04.04-15.25.42:954][  0]LogTargetPlatformManager: Display: Loaded TargetPlatform 'Android_ETC2Client'
[2023.04.04-15.25.42:954][  0]LogTargetPlatformManager: Display: Loaded TargetPlatform 'Android_Multi'
[2023.04.04-15.25.42:954][  0]LogTargetPlatformManager: Display: Loaded TargetPlatform 'Android_MultiClient'
[2023.04.04-15.25.42:975][  0]LogTargetPlatformManager: Display: Loaded TargetPlatform 'IOSClient'
[2023.04.04-15.25.42:975][  0]LogTargetPlatformManager: Display: Loaded TargetPlatform 'IOS'
[2023.04.04-15.25.42:981][  0]LogTargetPlatformManager: Display: Loaded TargetPlatform 'Linux'
[2023.04.04-15.25.42:983][  0]LogTargetPlatformManager: Display: Loaded TargetPlatform 'LinuxNoEditor'
[2023.04.04-15.25.42:986][  0]LogTargetPlatformManager: Display: Loaded TargetPlatform 'LinuxClient'
[2023.04.04-15.25.42:989][  0]LogTargetPlatformManager: Display: Loaded TargetPlatform 'LinuxServer'
[2023.04.04-15.25.42:994][  0]LogTargetPlatformManager: Display: Loaded TargetPlatform 'LinuxAArch64NoEditor'
[2023.04.04-15.25.42:996][  0]LogTargetPlatformManager: Display: Loaded TargetPlatform 'LinuxAArch64Client'
[2023.04.04-15.25.42:999][  0]LogTargetPlatformManager: Display: Loaded TargetPlatform 'LinuxAArch64Server'
[2023.04.04-15.25.43:013][  0]LogTargetPlatformManager: Display: Loaded TargetPlatform 'Lumin'
[2023.04.04-15.25.43:013][  0]LogTargetPlatformManager: Display: Loaded TargetPlatform 'LuminClient'
[2023.04.04-15.25.43:019][  0]LogTargetPlatformManager: Display: Loaded TargetPlatform 'MacNoEditor'
[2023.04.04-15.25.43:022][  0]LogTargetPlatformManager: Display: Loaded TargetPlatform 'Mac'
[2023.04.04-15.25.43:024][  0]LogTargetPlatformManager: Display: Loaded TargetPlatform 'MacClient'
[2023.04.04-15.25.43:028][  0]LogTargetPlatformManager: Display: Loaded TargetPlatform 'MacServer'
[2023.04.04-15.25.43:035][  0]LogTargetPlatformManager: Display: Loaded TargetPlatform 'TVOSClient'
[2023.04.04-15.25.43:035][  0]LogTargetPlatformManager: Display: Loaded TargetPlatform 'TVOS'
[2023.04.04-15.25.43:042][  0]LogTargetPlatformManager: Display: Loaded TargetPlatform 'WindowsNoEditor'
[2023.04.04-15.25.43:046][  0]LogTargetPlatformManager: Display: Loaded TargetPlatform 'Windows'
[2023.04.04-15.25.43:049][  0]LogTargetPlatformManager: Display: Loaded TargetPlatform 'WindowsClient'
[2023.04.04-15.25.43:052][  0]LogTargetPlatformManager: Display: Loaded TargetPlatform 'WindowsServer'
[2023.04.04-15.25.43:053][  0]LogTargetPlatformManager: Display: Building Assets For Windows
[2023.04.04-15.25.43:057][  0]LogAudioDebug: Display: Lib vorbis DLL was dynamically loaded.
[2023.04.04-15.25.43:103][  0]LogTextureFormatOodle: Display: Oodle Texture 2.9.0 init RDO Off
[2023.04.04-15.25.43:244][  0]LogRendererCore: Ray tracing is disabled. Reason: r.RayTracing=0.
[2023.04.04-15.25.43:244][  0]LogShaderCompilers: Guid format shader working directory is -15 characters bigger than the processId version (C:/Users/g.deleporte/Documents/ActionAventureSpeProg/ActionAventure/Intermediate/Shaders/WorkingDirectory/4260/).
[2023.04.04-15.25.43:244][  0]LogShaderCompilers: Cleaned the shader compiler working directory 'C:/Users/g.deleporte/AppData/Local/Temp/UnrealShaderWorkingDir/9E516CFE432402A14866098F068AFDB9/'.
[2023.04.04-15.25.43:244][  0]LogXGEController: Cannot use XGE Controller as Incredibuild is not installed on this machine.
[2023.04.04-15.25.43:244][  0]LogShaderCompilers: Cannot use XGE Shader Compiler as Incredibuild is not installed on this machine.
[2023.04.04-15.25.43:244][  0]LogShaderCompilers: Display: Using Local Shader Compiler.
[2023.04.04-15.25.43:771][  0]LogDerivedDataCache: Display: Max Cache Size: 512 MB
[2023.04.04-15.25.43:817][  0]LogDerivedDataCache: Loaded boot cache 0.05s 94MB C:/Users/g.deleporte/AppData/Local/UnrealEngine/4.27/DerivedDataCache/Boot.ddc.
[2023.04.04-15.25.43:817][  0]LogDerivedDataCache: Display: Loaded Boot cache: C:/Users/g.deleporte/AppData/Local/UnrealEngine/4.27/DerivedDataCache/Boot.ddc
[2023.04.04-15.25.43:817][  0]LogDerivedDataCache: FDerivedDataBackendGraph:  Pak pak cache file C:/Users/g.deleporte/Documents/ActionAventureSpeProg/ActionAventure/DerivedDataCache/DDC.ddp not found, will not use a pak cache.
[2023.04.04-15.25.43:817][  0]LogDerivedDataCache: Unable to find inner node Pak for hierarchical cache Hierarchy.
[2023.04.04-15.25.43:817][  0]LogDerivedDataCache: FDerivedDataBackendGraph:  CompressedPak pak cache file C:/Users/g.deleporte/Documents/ActionAventureSpeProg/ActionAventure/DerivedDataCache/Compressed.ddp not found, will not use a pak cache.
[2023.04.04-15.25.43:817][  0]LogDerivedDataCache: Unable to find inner node CompressedPak for hierarchical cache Hierarchy.
[2023.04.04-15.25.43:829][  0]LogDerivedDataCache: Display: Pak cache opened for reading ../../../Engine/DerivedDataCache/Compressed.ddp.
[2023.04.04-15.25.43:830][  0]LogDerivedDataCache: FDerivedDataBackendGraph:  EnterprisePak pak cache file ../../../Enterprise/DerivedDataCache/Compressed.ddp not found, will not use a pak cache.
[2023.04.04-15.25.43:830][  0]LogDerivedDataCache: Unable to find inner node EnterprisePak for hierarchical cache Hierarchy.
[2023.04.04-15.25.43:842][  0]LogDerivedDataCache: Speed tests for C:/Users/g.deleporte/AppData/Local/UnrealEngine/Common/DerivedDataCache took 0.01 seconds
[2023.04.04-15.25.43:842][  0]LogDerivedDataCache: Display: Performance to C:/Users/g.deleporte/AppData/Local/UnrealEngine/Common/DerivedDataCache: Latency=0.01ms. RandomReadSpeed=1675.41MBs, RandomWriteSpeed=79.86MBs. Assigned SpeedClass 'Local'
[2023.04.04-15.25.43:842][  0]LogDerivedDataCache: Using Local data cache path C:/Users/g.deleporte/AppData/Local/UnrealEngine/Common/DerivedDataCache: Writable
[2023.04.04-15.25.43:842][  0]LogDerivedDataCache: Shared data cache path not found in *engine.ini, will not use an Shared cache.
[2023.04.04-15.25.43:842][  0]LogDerivedDataCache: Unable to find inner node Shared for hierarchical cache Hierarchy.
[2023.04.04-15.25.43:874][  0]LogSlate: Using FreeType 2.10.0
[2023.04.04-15.25.43:875][  0]LogSlate: SlateFontServices - WITH_FREETYPE: 1, WITH_HARFBUZZ: 1
[2023.04.04-15.25.43:891][  0]LogAssetRegistry: FAssetRegistry took 0.0020 seconds to start up
[2023.04.04-15.25.44:053][  0]LogInit: Selected Device Profile: [Windows]
[2023.04.04-15.25.44:053][  0]LogInit: Active device profile: [00000249B1628B00][00000249AE183BC0 49] Windows
[2023.04.04-15.25.44:053][  0]LogInit: Profiles: [00000249B1628B00][00000249AE183BC0 49] Windows, [00000249B15E6200][00000249B06AA1C0 49] WindowsNoEditor, [00000249B1629900][00000249B06AE340 49] WindowsServer, [00000249B15E6F00][00000249B06B24C0 49] WindowsClient, [00000249B162BC00][00000249B06B6640 49] IOS, [00000249B15E4F00][00000249B06A6780 49] iPadAir, [00000249B162BE00][00000249B06BA8C0 49] iPadAir2, [00000249B1588E00][00000249B06C2B00 49] IPadPro, [00000249B1588F00][00000249B06BEB40 49] iPadAir3, [00000249B15E7C00][00000249B06CACC0 49] iPadAir4, [00000249B158B800][00000249B06CEE40 49] iPadMini2, [00000249B15E7000][00000249B06D2FC0 49] iPadMini3, [00000249B158BA00][00000249B06D7140 49] iPadMini4, [00000249B15E7900][00000249B06DB2C0 49] iPadMini5, [00000249B15AC600][00000249B1947580 49] iPhone6, [00000249B15AC700][00000249B19435C0 49] iPodTouch6, [00000249B162A800][00000249B1953880 49] iPhone7, [00000249B162A600][00000249B194B8C0 49] iPodTouch7, [00000249B15AC100][00000249B19C7A40 49] iPhone5S, [00000249B1588700][00000249B19D7BC0 49] iPhone6Plus, [00000249B15AE500][00000249B1A681C0 49] iPhone6S, [00000249B1589300][00000249B1A80340 49] iPhone6SPlus, [00000249B15AFB00][00000249B1A844C0 49] iPhone7Plus, [00000249B158B700][00000249B1A90640 49] iPhoneSE, [00000249B162AB00][00000249B1AAE7C0 49] iPhone8, [00000249B1588600][00000249B1AB2940 49] iPhone8Plus, [00000249B162A100][00000249B06C6A80 49] iPhoneX, [00000249B158A900][00000249A70ECBC0 49] iPhoneXS, [00000249B162B700][00000249B1AD2D00 49] iPhoneXSMax, [00000249B158AF00][00000249A712CE80 49] iPhoneXR, [00000249B162BB00][00000249A7131000 49] iPhone11, [00000249B1589E00][00000249A7135180 49] iPhone11Pro, [00000249B1628700][00000249A7139300 49] iPhone11ProMax, [00000249B158A000][00000249A7141480 49] iPhoneSE2, [00000249B162BA00][00000249A7149600 49] iPhone12Mini, [00000249B158A100][00000249A7159780 49] iPhone12, [00000249B1628600][00000249B1EEB900 49] iPhone12Pro, [00000249B158B400][00000249B1EEFA80 49] iPhone12ProMax, [00000249B1628800][00000249B1EF3C00 49] iPadPro105, [00000249B1589900][00000249B1EF6200 49] iPadPro129, [00000249B162BF00][00000249B1980380 49] iPadPro97, [00000249B158BC00][00000249B19B0500 49] iPadPro2_129, [00000249B162B900][00000249B1B20680 49] iPad5, [00000249B1588300][00000249B1B24800 49] iPad6, [00000249B1629B00][00000249B1B62980 49] iPad7, [00000249B158B600][00000249B1B66B00 49] iPad8, [00000249B1629600][00000249A7128C40 49] iPadPro11, [00000249B158AD00][00000249A7484D80 49] iPadPro2_11, [00000249B1629A00][00000249A7488EC0 49] iPadPro3_129, [00000249B158AE00][00000249A7491040 49] iPadPro4_129, [00000249B1628500][00000249A74951C0 49] AppleTV, [00000249B158B000][00000249A7499340 49] AppleTV4K, [00000249B1629C00][00000249B22F94C0 49] TVOS, [00000249B1588800][00000249B22FD640 49] Mac, [00000249B162A500][00000249B23017C0 49] MacClient, [00000249B158AC00][00000249B2305940 49] MacNoEditor, [00000249B162B500][00000249B2309AC0 49] MacServer, [00000249B1588A00][00000249B230C0C0 49] Linux, [00000249B1628400][00000249A70E0240 49] LinuxAArch64, [00000249B1589A00][00000249A70E43C0 49] LinuxNoEditor, [00000249B1629D00][00000249A70E8540 49] LinuxAArch64NoEditor, [00000249B158A700][00000249AD2446C0 49] LinuxClient, [00000249B1629400][00000249AD248840 49] LinuxAArch64Client, [00000249B158A800][00000249AE21E9C0 49] LinuxServer, [00000249B162AF00][00000249AE222B40 49] LinuxAArch64Server, [00000249B1589700][00000249AE230CC0 49] Android, [00000249B162BD00][00000249A748CE00 49] Android_Low, [00000249B1588B00][00000249AE234F40 49] Android_Mid, [00000249B162A200][00000249B1D53080 49] Android_High, [00000249B1588C00][00000249B1D571C0 49] Android_Default, [00000249B1629300][00000249B1D5F340 49] Android_Adreno4xx, [00000249B15E6400][00000249B1EE74C0 49] Android_Adreno5xx_Low, [00000249B15ADC00][00000249A7415640 49] Android_Adreno5xx, [00000249B15E6700][00000249A74197C0 49] Android_Adreno6xx, [00000249B15AE000][00000249A741D940 49] Android_Adreno6xx_Vulkan, [00000249B15E4400][00000249A7435AC0 49] Android_Mali_T6xx, [00000249B15ACF00][00000249A74400C0 49] Android_Mali_T7xx, [00000249B15E5D00][00000249A7444240 49] Android_Mali_T8xx, [00000249B15ADF00][00000249A74483C0 49] Android_Mali_G71, [00000249B15E6900][00000249A744C540 49] Android_Mali_G72, [00000249B15AF300][00000249A74506C0 49] Android_Mali_G72_Vulkan, [00000249B15E7F00][00000249A7454840 49] Android_Mali_G76, [00000249B15AE200][00000249A745C9C0 49] Android_Mali_G76_Vulkan, [00000249B15E5F00][00000249A7460B40 49] Android_Mali_G77, [00000249B15AC900][00000249B23FECC0 49] Android_Mali_G77_Vulkan, [00000249B15E5200][00000249B2432E40 49] Android_Mali_G78, [00000249B15AD300][00000249B1D5AF80 49] Android_Mali_G78_Vulkan, [00000249B15E7500][00000249A74650C0 49] Android_Mali_G710, [00000249B15AFE00][00000249A7469200 49] Android_Mali_G710_Vulkan, [00000249B15E4700][00000249A746D340 49] Android_Vulkan_SM5, [00000249B15AFF00][00000249A74754C0 49] Android_PowerVR_G6xxx, [00000249B15E6000][00000249A7479640 49] Android_PowerVR_GT7xxx, [00000249B15AEB00][00000249A747D7C0 49] Android_PowerVR_GE8xxx, [00000249B15E7800][00000249A7481940 49] Android_PowerVR_GM9xxx, [00000249B15AE800][00000249B242FAC0 49] Android_PowerVR_GM9xxx_Vulkan, [00000249B15E5600][00000249A74580C0 49] Android_TegraK1, [00000249B15AD700][00000249B22D0240 49] Android_Unknown_Vulkan, [00000249B15E6D00][00000249B22D43C0 49] Lumin, [00000249B15AFD00][00000249B22D8540 49] Lumin_Desktop, [00000249B15E4E00][00000249B22DC6C0 49] HoloLens, 
[2023.04.04-15.25.44:233][  0]LogMeshReduction: Using QuadricMeshReduction for automatic static mesh reduction
[2023.04.04-15.25.44:233][  0]LogMeshReduction: Using SimplygonMeshReduction for automatic skeletal mesh reduction
[2023.04.04-15.25.44:233][  0]LogMeshReduction: Using ProxyLODMeshReduction for automatic mesh merging
[2023.04.04-15.25.44:233][  0]LogMeshReduction: No distributed automatic mesh merging module available
[2023.04.04-15.25.44:233][  0]LogMeshMerging: No distributed automatic mesh merging module available
[2023.04.04-15.25.44:246][  0]LogNetVersion: ActionAventure 1.0.0, NetCL: 17155196, EngineNetVer: 17, GameNetVer: 0 (Checksum: 2618789872)
[2023.04.04-15.25.44:557][  0]LogTexture: Default maximum texture size for cubemaps generated from long-lat sources has been changed from 512 to unlimited. In order to preserve old behaiour for '/Engine/MapTemplates/Sky/DaylightAmbientCubemap.DaylightAmbientCubemap', its maximum texture size has been explicitly set to 512.
[2023.04.04-15.25.44:599][  0]LogHMD: PokeAHoleMaterial loaded successfully
[2023.04.04-15.25.44:603][  0]LogUObjectArray: 17178 objects as part of root set at end of initial load.
[2023.04.04-15.25.44:603][  0]LogUObjectAllocator: 4302048 out of 0 bytes used by permanent object pool.
[2023.04.04-15.25.44:603][  0]LogUObjectArray: CloseDisregardForGC: 0/0 objects in disregard for GC pool
[2023.04.04-15.25.45:067][  0]LogNiagaraDebuggerClient: Niagara Debugger Client Initialized | Session: 868CE786424DE588334C0CA364465E15 | Instance: 45AD39AD4F9DEE43D863E7868EDC1FF8 (RNSS20611-4260).
[2023.04.04-15.25.45:142][  0]LogPython: Using Python 3.7.7
[2023.04.04-15.25.45:610][  0]LogUdpMessaging: Initializing bridge on interface 0.0.0.0:0 to multicast group 230.0.0.1:6666.
[2023.04.04-15.25.45:614][  0]LogTcpMessaging: Initializing TcpMessaging bridge
[2023.04.04-15.25.45:848][  0]SourceControl: Source control is disabled
[2023.04.04-15.25.45:848][  0]SourceControl: Source control is disabled
[2023.04.04-15.25.45:891][  0]SourceControl: Source control is disabled
[2023.04.04-15.25.45:898][  0]SourceControl: Source control is disabled
[2023.04.04-15.25.45:934][  0]SourceControl: Source control is disabled
[2023.04.04-15.25.45:936][  0]LogUProjectInfo: Found projects:
[2023.04.04-15.25.46:234][  0]LogOpenImageDenoise: OIDN starting up
[2023.04.04-15.25.46:304][  0]LogAndroidPermission: UAndroidPermissionCallbackProxy::GetInstance
[2023.04.04-15.25.46:325][  0]LogAudioCaptureCore: Display: No Audio Capture implementations found. Audio input will be silent.
[2023.04.04-15.25.46:325][  0]LogAudioCaptureCore: Display: No Audio Capture implementations found. Audio input will be silent.
[2023.04.04-15.25.46:417][  0]LogCollectionManager: Loaded 0 collections in 0.000542 seconds
[2023.04.04-15.25.46:435][  0]LogFileCache: Scanning file cache for directory 'C:/Users/g.deleporte/Documents/ActionAventureSpeProg/ActionAventure/Saved/Collections/' took 0.00s
[2023.04.04-15.25.46:435][  0]LogFileCache: Scanning file cache for directory 'C:/Users/g.deleporte/Documents/ActionAventureSpeProg/ActionAventure/Content/Developers/gdeleporte/Collections/' took 0.00s
[2023.04.04-15.25.46:435][  0]LogFileCache: Scanning file cache for directory 'C:/Users/g.deleporte/Documents/ActionAventureSpeProg/ActionAventure/Content/Collections/' took 0.00s
[2023.04.04-15.25.46:435][  0]LogOcInput: OculusInput pre-init called
[2023.04.04-15.25.46:615][  0]LogEngine: Initializing Engine...
[2023.04.04-15.25.46:655][  0]LogHMD: Failed to enumerate extensions. Please check that you have a valid OpenXR runtime installed.
[2023.04.04-15.25.46:655][  0]LogHMD: Failed to initialize OpenVR with code 110
[2023.04.04-15.25.46:655][  0]LogMagicLeap: Warning: VR disabled because ZI is not enabled.  To enable, in the editor, Edit -> Project Settings -> Plugins -> Magic Leap Plugin -> Enable Zero Iteration
[2023.04.04-15.25.46:657][  0]LogStats: UGameplayTagsManager::InitializeManager -  0.000 s
[2023.04.04-15.25.46:757][  0]LogInit: Initializing FReadOnlyCVARCache
[2023.04.04-15.25.46:773][  0]LogAIModule: Creating AISystem for world Untitled
[2023.04.04-15.25.46:773][  0]LogAudio: Display: Initializing Audio Device Manager...
[2023.04.04-15.25.46:775][  0]LogAudio: Display: Loading Default Audio Settings Objects...
[2023.04.04-15.25.46:775][  0]LogAudio: Display: No default SoundConcurrencyObject specified (or failed to load).
[2023.04.04-15.25.46:776][  0]LogAudio: Display: Audio Device Manager Initialized
[2023.04.04-15.25.46:776][  0]LogAudio: Display: Creating Audio Device:                 Id: 1, Scope: Shared, Realtime: True
[2023.04.04-15.25.46:776][  0]LogAudioMixer: Display: Audio Mixer Platform Settings:
[2023.04.04-15.25.46:776][  0]LogAudioMixer: Display: 	Sample Rate:						  48000
[2023.04.04-15.25.46:776][  0]LogAudioMixer: Display: 	Callback Buffer Frame Size Requested: 1024
[2023.04.04-15.25.46:776][  0]LogAudioMixer: Display: 	Callback Buffer Frame Size To Use:	  1024
[2023.04.04-15.25.46:776][  0]LogAudioMixer: Display: 	Number of buffers to queue:			  2
[2023.04.04-15.25.46:776][  0]LogAudioMixer: Display: 	Max Channels (voices):				  32
[2023.04.04-15.25.46:776][  0]LogAudioMixer: Display: 	Number of Async Source Workers:		  0
[2023.04.04-15.25.46:776][  0]LogAudio: Display: AudioDevice MaxSources: 32
[2023.04.04-15.25.46:776][  0]LogAudio: Display: Audio Spatialization Plugin: None (built-in).
[2023.04.04-15.25.46:776][  0]LogAudio: Display: Audio Reverb Plugin: None (built-in).
[2023.04.04-15.25.46:776][  0]LogAudio: Display: Audio Occlusion Plugin: None (built-in).
[2023.04.04-15.25.46:776][  0]LogAudioMixer: Display: Initializing audio mixer.
[2023.04.04-15.25.46:802][  0]LogAudioMixer: Display: 0: FrontLeft
[2023.04.04-15.25.46:802][  0]LogAudioMixer: Display: 1: FrontRight
[2023.04.04-15.25.46:840][  0]LogAudioMixer: Display: Using Audio Device Haut-parleurs (Realtek(R) Audio)
[2023.04.04-15.25.46:844][  0]LogAudioMixer: Display: Initializing Sound Submixes...
[2023.04.04-15.25.46:846][  0]LogAudioMixer: Display: Creating Master Submix 'MasterSubmixDefault'
[2023.04.04-15.25.46:846][  0]LogAudioMixer: Display: Creating Master Submix 'MasterReverbSubmixDefault'
[2023.04.04-15.25.46:846][  0]LogAudioMixer: Display: Creating Master Submix 'MasterEQSubmixDefault'
[2023.04.04-15.25.46:846][  0]LogAudioMixer: FMixerPlatformXAudio2::StartAudioStream() called
[2023.04.04-15.25.46:846][  0]LogAudioMixer: Display: Output buffers initialized: Frames=1024, Channels=2, Samples=2048
[2023.04.04-15.25.46:847][  0]LogAudioMixer: Display: Starting AudioMixerPlatformInterface::RunInternal()
[2023.04.04-15.25.46:847][  0]LogAudioMixer: Display: FMixerPlatformXAudio2::SubmitBuffer() called for the first time
[2023.04.04-15.25.46:847][  0]LogInit: FAudioDevice initialized.
[2023.04.04-15.25.46:847][  0]LogAudio: Display: Audio Device (ID: 1) registered with world 'Untitled'.
[2023.04.04-15.25.46:847][  0]LogNetVersion: Set ProjectVersion to 1.0.0.0. Version Checksum will be recalculated on next use.
[2023.04.04-15.25.46:892][  0]LogDerivedDataCache: Saved boot cache 0.04s 94MB C:/Users/g.deleporte/AppData/Local/UnrealEngine/4.27/DerivedDataCache/Boot.ddc.
[2023.04.04-15.25.46:894][  0]LogInit: Texture streaming: Enabled
[2023.04.04-15.25.46:903][  0]LogAnalytics: Display: [UEEditor.Rocket.Release] APIServer = https://datarouter.ol.epicgames.com/. AppVersion = 4.27.2-18319896+++UE4+Release-4.27
[2023.04.04-15.25.46:914][  0]LogEngineSessionManager: EngineSessionManager initialized
[2023.04.04-15.25.46:915][  0]LogEditorSessionSummary: Verbose: Initializing EditorSessionSummaryWriter for editor session tracking
[2023.04.04-15.25.46:915][  0]LogEditorSessionSummary: EditorSessionSummaryWriter initialized
[2023.04.04-15.25.46:941][  0]LogInit: Transaction tracking system initialized
[2023.04.04-15.25.46:991][  0]BlueprintLog: New page: Editor Load
[2023.04.04-15.25.47:151][  0]LocalizationService: Localization service is disabled
[2023.04.04-15.25.47:217][  0]TimingProfiler: Initialize
[2023.04.04-15.25.47:218][  0]TimingProfiler: OnSessionChanged
[2023.04.04-15.25.47:218][  0]LoadingProfiler: Initialize
[2023.04.04-15.25.47:218][  0]LoadingProfiler: OnSessionChanged
[2023.04.04-15.25.47:218][  0]NetworkingProfiler: Initialize
[2023.04.04-15.25.47:218][  0]NetworkingProfiler: OnSessionChanged
[2023.04.04-15.25.47:218][  0]MemoryProfiler: Initialize
[2023.04.04-15.25.47:218][  0]MemoryProfiler: OnSessionChanged
[2023.04.04-15.25.47:346][  0]LogCook: Display: CookSettings for Memory: MemoryMaxUsedVirtual 0MiB, MemoryMaxUsedPhysical 16384MiB, MemoryMinFreeVirtual 0MiB, MemoryMinFreePhysical 1024MiB
[2023.04.04-15.25.47:346][  0]LogCook: Display: Mobile HDR setting 1
[2023.04.04-15.25.47:578][  0]LogFileCache: Scanning file cache for directory 'C:/Users/g.deleporte/Documents/ActionAventureSpeProg/ActionAventure/Content/' took 0.00s
[2023.04.04-15.25.47:699][  0]LogInit: Display: Engine is initialized. Leaving FEngineLoop::Init()
[2023.04.04-15.25.47:703][  0]SourceControl: Source control is disabled
[2023.04.04-15.25.47:703][  0]LogUnrealEdMisc: Loading editor; pre map load, took 7.311
[2023.04.04-15.25.47:703][  0]Cmd: MAP LOAD FILE="C:/Users/g.deleporte/Documents/ActionAventureSpeProg/ActionAventure/Content/ThirdPersonBP/Maps/ThirdPersonExampleMap.umap" TEMPLATE=0 SHOWPROGRESS=1 FEATURELEVEL=3
[2023.04.04-15.25.47:703][  0]LightingResults: New page: Lighting Build
[2023.04.04-15.25.47:704][  0]LogWorld: UWorld::CleanupWorld for Untitled, bSessionEnded=true, bCleanupResources=true
[2023.04.04-15.25.47:704][  0]LogSlate: InvalidateAllWidgets triggered.  All widgets were invalidated
[2023.04.04-15.25.47:704][  0]MapCheck: New page: Map Check
[2023.04.04-15.25.47:704][  0]LightingResults: New page: Lighting Build
[2023.04.04-15.25.47:708][  0]LogAudio: Display: Audio Device unregistered from world 'None'.
[2023.04.04-15.25.47:710][  0]LogUObjectHash: Compacting FUObjectHashTables data took   0.54ms
[2023.04.04-15.25.47:874][  0]LogAudio: Display: Audio Device (ID: 1) registered with world 'ThirdPersonExampleMap'.
[2023.04.04-15.25.47:875][  0]LogAIModule: Creating AISystem for world ThirdPersonExampleMap
[2023.04.04-15.25.47:911][  0]LogEditorServer: Finished looking for orphan Actors (0.000 secs)
[2023.04.04-15.25.47:917][  0]LogUObjectHash: Compacting FUObjectHashTables data took   0.57ms
[2023.04.04-15.25.47:917][  0]Cmd: MAP CHECKDEP NOCLEARLOG
[2023.04.04-15.25.47:918][  0]MapCheck: Map check complete: 0 Error(s), 0 Warning(s), took 0,295ms to complete.
[2023.04.04-15.25.47:918][  0]LogFileHelpers: Loading map 'ThirdPersonExampleMap' took 0.214
[2023.04.04-15.25.47:920][  0]LogUnrealEdMisc: Total Editor Startup Time, took 7.528
[2023.04.04-15.25.48:019][  0]LogSlate: Updating window title bar state: overlay mode, drag disabled, window buttons hidden, title bar hidden
[2023.04.04-15.25.48:023][  0]LogSlate: Updating window title bar state: overlay mode, drag disabled, window buttons hidden, title bar hidden
[2023.04.04-15.25.48:027][  0]LogSlate: Updating window title bar state: overlay mode, drag disabled, window buttons hidden, title bar hidden
[2023.04.04-15.25.48:031][  0]LogSlate: Updating window title bar state: overlay mode, drag disabled, window buttons hidden, title bar hidden
[2023.04.04-15.25.48:063][  0]LogNativeClassHierarchy: Verbose: Native class hierarchy populated in 0.0066 seconds. Added 3822 classes and 928 folders.
[2023.04.04-15.25.48:064][  0]LogNativeClassHierarchy: Verbose: Native class hierarchy updated for 'WidgetCarousel' in 0.0002 seconds. Added 0 classes and 0 folders.
[2023.04.04-15.25.48:065][  0]LogPakFile: PakFile PrimaryIndexSize=187
[2023.04.04-15.25.48:065][  0]LogPakFile: PakFile PathHashIndexSize=101
[2023.04.04-15.25.48:065][  0]LogPakFile: PakFile FullDirectoryIndexSize=148
[2023.04.04-15.25.48:065][  0]LogShaderLibrary: Display: ShaderCodeLibraryPakFileMountedCallback: PakFile 'D:/UE_4.27/FeaturePacks/FP_FirstPerson.upack' (chunk index -1, root 'root:/') mounted
[2023.04.04-15.25.48:065][  0]LogShaderLibrary: Display: ShaderCodeLibraryPakFileMountedCallback: pending pak file info (ChunkID:-1 Root:root:/ File:D:/UE_4.27/FeaturePacks/FP_FirstPerson.upack)
[2023.04.04-15.25.48:065][  0]LogPakFile: OnPakFileMounted2Time == 0.000041
[2023.04.04-15.25.48:065][  0]LogPakFile: PakFile PrimaryIndexSize=189
[2023.04.04-15.25.48:065][  0]LogPakFile: PakFile PathHashIndexSize=101
[2023.04.04-15.25.48:065][  0]LogPakFile: PakFile FullDirectoryIndexSize=152
[2023.04.04-15.25.48:065][  0]LogShaderLibrary: Display: ShaderCodeLibraryPakFileMountedCallback: PakFile 'D:/UE_4.27/FeaturePacks/FP_FirstPersonBP.upack' (chunk index -1, root 'root:/') mounted
[2023.04.04-15.25.48:065][  0]LogShaderLibrary: Display: ShaderCodeLibraryPakFileMountedCallback: pending pak file info (ChunkID:-1 Root:root:/ File:D:/UE_4.27/FeaturePacks/FP_FirstPersonBP.upack)
[2023.04.04-15.25.48:065][  0]LogPakFile: OnPakFileMounted2Time == 0.000023
[2023.04.04-15.25.48:066][  0]LogPakFile: PakFile PrimaryIndexSize=191
[2023.04.04-15.25.48:066][  0]LogPakFile: PakFile PathHashIndexSize=101
[2023.04.04-15.25.48:066][  0]LogPakFile: PakFile FullDirectoryIndexSize=160
[2023.04.04-15.25.48:066][  0]LogShaderLibrary: Display: ShaderCodeLibraryPakFileMountedCallback: PakFile 'D:/UE_4.27/FeaturePacks/MobileStarterContent.upack' (chunk index -1, root 'root:/') mounted
[2023.04.04-15.25.48:066][  0]LogShaderLibrary: Display: ShaderCodeLibraryPakFileMountedCallback: pending pak file info (ChunkID:-1 Root:root:/ File:D:/UE_4.27/FeaturePacks/MobileStarterContent.upack)
[2023.04.04-15.25.48:066][  0]LogPakFile: OnPakFileMounted2Time == 0.000033
[2023.04.04-15.25.48:066][  0]LogPakFile: PakFile PrimaryIndexSize=185
[2023.04.04-15.25.48:066][  0]LogPakFile: PakFile PathHashIndexSize=101
[2023.04.04-15.25.48:066][  0]LogPakFile: PakFile FullDirectoryIndexSize=148
[2023.04.04-15.25.48:066][  0]LogShaderLibrary: Display: ShaderCodeLibraryPakFileMountedCallback: PakFile 'D:/UE_4.27/FeaturePacks/StarterContent.upack' (chunk index -1, root 'root:/') mounted
[2023.04.04-15.25.48:066][  0]LogShaderLibrary: Display: ShaderCodeLibraryPakFileMountedCallback: pending pak file info (ChunkID:-1 Root:root:/ File:D:/UE_4.27/FeaturePacks/StarterContent.upack)
[2023.04.04-15.25.48:066][  0]LogPakFile: OnPakFileMounted2Time == 0.000021
[2023.04.04-15.25.48:066][  0]LogPakFile: PakFile PrimaryIndexSize=190
[2023.04.04-15.25.48:066][  0]LogPakFile: PakFile PathHashIndexSize=101
[2023.04.04-15.25.48:066][  0]LogPakFile: PakFile FullDirectoryIndexSize=154
[2023.04.04-15.25.48:066][  0]LogShaderLibrary: Display: ShaderCodeLibraryPakFileMountedCallback: PakFile 'D:/UE_4.27/FeaturePacks/TP_2DSideScroller.upack' (chunk index -1, root 'root:/') mounted
[2023.04.04-15.25.48:066][  0]LogShaderLibrary: Display: ShaderCodeLibraryPakFileMountedCallback: pending pak file info (ChunkID:-1 Root:root:/ File:D:/UE_4.27/FeaturePacks/TP_2DSideScroller.upack)
[2023.04.04-15.25.48:066][  0]LogPakFile: OnPakFileMounted2Time == 0.000019
[2023.04.04-15.25.48:067][  0]LogPakFile: PakFile PrimaryIndexSize=192
[2023.04.04-15.25.48:067][  0]LogPakFile: PakFile PathHashIndexSize=101
[2023.04.04-15.25.48:067][  0]LogPakFile: PakFile FullDirectoryIndexSize=158
[2023.04.04-15.25.48:067][  0]LogShaderLibrary: Display: ShaderCodeLibraryPakFileMountedCallback: PakFile 'D:/UE_4.27/FeaturePacks/TP_2DSideScrollerBP.upack' (chunk index -1, root 'root:/') mounted
[2023.04.04-15.25.48:067][  0]LogShaderLibrary: Display: ShaderCodeLibraryPakFileMountedCallback: pending pak file info (ChunkID:-1 Root:root:/ File:D:/UE_4.27/FeaturePacks/TP_2DSideScrollerBP.upack)
[2023.04.04-15.25.48:067][  0]LogPakFile: OnPakFileMounted2Time == 0.000020
[2023.04.04-15.25.48:067][  0]LogPakFile: PakFile PrimaryIndexSize=182
[2023.04.04-15.25.48:067][  0]LogPakFile: PakFile PathHashIndexSize=101
[2023.04.04-15.25.48:067][  0]LogPakFile: PakFile FullDirectoryIndexSize=138
[2023.04.04-15.25.48:067][  0]LogShaderLibrary: Display: ShaderCodeLibraryPakFileMountedCallback: PakFile 'D:/UE_4.27/FeaturePacks/TP_Flying.upack' (chunk index -1, root 'root:/') mounted
[2023.04.04-15.25.48:067][  0]LogShaderLibrary: Display: ShaderCodeLibraryPakFileMountedCallback: pending pak file info (ChunkID:-1 Root:root:/ File:D:/UE_4.27/FeaturePacks/TP_Flying.upack)
[2023.04.04-15.25.48:067][  0]LogPakFile: OnPakFileMounted2Time == 0.000020
[2023.04.04-15.25.48:067][  0]LogPakFile: PakFile PrimaryIndexSize=184
[2023.04.04-15.25.48:067][  0]LogPakFile: PakFile PathHashIndexSize=101
[2023.04.04-15.25.48:067][  0]LogPakFile: PakFile FullDirectoryIndexSize=142
[2023.04.04-15.25.48:067][  0]LogShaderLibrary: Display: ShaderCodeLibraryPakFileMountedCallback: PakFile 'D:/UE_4.27/FeaturePacks/TP_FlyingBP.upack' (chunk index -1, root 'root:/') mounted
[2023.04.04-15.25.48:067][  0]LogShaderLibrary: Display: ShaderCodeLibraryPakFileMountedCallback: pending pak file info (ChunkID:-1 Root:root:/ File:D:/UE_4.27/FeaturePacks/TP_FlyingBP.upack)
[2023.04.04-15.25.48:067][  0]LogPakFile: OnPakFileMounted2Time == 0.000020
[2023.04.04-15.25.48:068][  0]LogPakFile: PakFile PrimaryIndexSize=188
[2023.04.04-15.25.48:068][  0]LogPakFile: PakFile PathHashIndexSize=101
[2023.04.04-15.25.48:068][  0]LogPakFile: PakFile FullDirectoryIndexSize=150
[2023.04.04-15.25.48:068][  0]LogShaderLibrary: Display: ShaderCodeLibraryPakFileMountedCallback: PakFile 'D:/UE_4.27/FeaturePacks/TP_HandheldARBP.upack' (chunk index -1, root 'root:/') mounted
[2023.04.04-15.25.48:068][  0]LogShaderLibrary: Display: ShaderCodeLibraryPakFileMountedCallback: pending pak file info (ChunkID:-1 Root:root:/ File:D:/UE_4.27/FeaturePacks/TP_HandheldARBP.upack)
[2023.04.04-15.25.48:068][  0]LogPakFile: OnPakFileMounted2Time == 0.000020
[2023.04.04-15.25.48:068][  0]LogPakFile: PakFile PrimaryIndexSize=182
[2023.04.04-15.25.48:068][  0]LogPakFile: PakFile PathHashIndexSize=101
[2023.04.04-15.25.48:068][  0]LogPakFile: PakFile FullDirectoryIndexSize=138
[2023.04.04-15.25.48:068][  0]LogShaderLibrary: Display: ShaderCodeLibraryPakFileMountedCallback: PakFile 'D:/UE_4.27/FeaturePacks/TP_Puzzle.upack' (chunk index -1, root 'root:/') mounted
[2023.04.04-15.25.48:068][  0]LogShaderLibrary: Display: ShaderCodeLibraryPakFileMountedCallback: pending pak file info (ChunkID:-1 Root:root:/ File:D:/UE_4.27/FeaturePacks/TP_Puzzle.upack)
[2023.04.04-15.25.48:068][  0]LogPakFile: OnPakFileMounted2Time == 0.000020
[2023.04.04-15.25.48:068][  0]LogPakFile: PakFile PrimaryIndexSize=184
[2023.04.04-15.25.48:068][  0]LogPakFile: PakFile PathHashIndexSize=101
[2023.04.04-15.25.48:068][  0]LogPakFile: PakFile FullDirectoryIndexSize=142
[2023.04.04-15.25.48:068][  0]LogShaderLibrary: Display: ShaderCodeLibraryPakFileMountedCallback: PakFile 'D:/UE_4.27/FeaturePacks/TP_PuzzleBP.upack' (chunk index -1, root 'root:/') mounted
[2023.04.04-15.25.48:068][  0]LogShaderLibrary: Display: ShaderCodeLibraryPakFileMountedCallback: pending pak file info (ChunkID:-1 Root:root:/ File:D:/UE_4.27/FeaturePacks/TP_PuzzleBP.upack)
[2023.04.04-15.25.48:068][  0]LogPakFile: OnPakFileMounted2Time == 0.000036
[2023.04.04-15.25.48:069][  0]LogPakFile: PakFile PrimaryIndexSize=183
[2023.04.04-15.25.48:069][  0]LogPakFile: PakFile PathHashIndexSize=101
[2023.04.04-15.25.48:069][  0]LogPakFile: PakFile FullDirectoryIndexSize=140
[2023.04.04-15.25.48:069][  0]LogShaderLibrary: Display: ShaderCodeLibraryPakFileMountedCallback: PakFile 'D:/UE_4.27/FeaturePacks/TP_Rolling.upack' (chunk index -1, root 'root:/') mounted
[2023.04.04-15.25.48:069][  0]LogShaderLibrary: Display: ShaderCodeLibraryPakFileMountedCallback: pending pak file info (ChunkID:-1 Root:root:/ File:D:/UE_4.27/FeaturePacks/TP_Rolling.upack)
[2023.04.04-15.25.48:069][  0]LogPakFile: OnPakFileMounted2Time == 0.000020
[2023.04.04-15.25.48:069][  0]LogPakFile: PakFile PrimaryIndexSize=185
[2023.04.04-15.25.48:069][  0]LogPakFile: PakFile PathHashIndexSize=101
[2023.04.04-15.25.48:069][  0]LogPakFile: PakFile FullDirectoryIndexSize=144
[2023.04.04-15.25.48:069][  0]LogShaderLibrary: Display: ShaderCodeLibraryPakFileMountedCallback: PakFile 'D:/UE_4.27/FeaturePacks/TP_RollingBP.upack' (chunk index -1, root 'root:/') mounted
[2023.04.04-15.25.48:069][  0]LogShaderLibrary: Display: ShaderCodeLibraryPakFileMountedCallback: pending pak file info (ChunkID:-1 Root:root:/ File:D:/UE_4.27/FeaturePacks/TP_RollingBP.upack)
[2023.04.04-15.25.48:069][  0]LogPakFile: OnPakFileMounted2Time == 0.000020
[2023.04.04-15.25.48:069][  0]LogPakFile: PakFile PrimaryIndexSize=188
[2023.04.04-15.25.48:069][  0]LogPakFile: PakFile PathHashIndexSize=101
[2023.04.04-15.25.48:069][  0]LogPakFile: PakFile FullDirectoryIndexSize=150
[2023.04.04-15.25.48:069][  0]LogShaderLibrary: Display: ShaderCodeLibraryPakFileMountedCallback: PakFile 'D:/UE_4.27/FeaturePacks/TP_SideScroller.upack' (chunk index -1, root 'root:/') mounted
[2023.04.04-15.25.48:069][  0]LogShaderLibrary: Display: ShaderCodeLibraryPakFileMountedCallback: pending pak file info (ChunkID:-1 Root:root:/ File:D:/UE_4.27/FeaturePacks/TP_SideScroller.upack)
[2023.04.04-15.25.48:069][  0]LogPakFile: OnPakFileMounted2Time == 0.000019
[2023.04.04-15.25.48:070][  0]LogPakFile: PakFile PrimaryIndexSize=190
[2023.04.04-15.25.48:070][  0]LogPakFile: PakFile PathHashIndexSize=101
[2023.04.04-15.25.48:070][  0]LogPakFile: PakFile FullDirectoryIndexSize=154
[2023.04.04-15.25.48:070][  0]LogShaderLibrary: Display: ShaderCodeLibraryPakFileMountedCallback: PakFile 'D:/UE_4.27/FeaturePacks/TP_SideScrollerBP.upack' (chunk index -1, root 'root:/') mounted
[2023.04.04-15.25.48:070][  0]LogShaderLibrary: Display: ShaderCodeLibraryPakFileMountedCallback: pending pak file info (ChunkID:-1 Root:root:/ File:D:/UE_4.27/FeaturePacks/TP_SideScrollerBP.upack)
[2023.04.04-15.25.48:070][  0]LogPakFile: OnPakFileMounted2Time == 0.000020
[2023.04.04-15.25.48:070][  0]LogPakFile: PakFile PrimaryIndexSize=187
[2023.04.04-15.25.48:070][  0]LogPakFile: PakFile PathHashIndexSize=101
[2023.04.04-15.25.48:070][  0]LogPakFile: PakFile FullDirectoryIndexSize=148
[2023.04.04-15.25.48:070][  0]LogShaderLibrary: Display: ShaderCodeLibraryPakFileMountedCallback: PakFile 'D:/UE_4.27/FeaturePacks/TP_ThirdPerson.upack' (chunk index -1, root 'root:/') mounted
[2023.04.04-15.25.48:070][  0]LogShaderLibrary: Display: ShaderCodeLibraryPakFileMountedCallback: pending pak file info (ChunkID:-1 Root:root:/ File:D:/UE_4.27/FeaturePacks/TP_ThirdPerson.upack)
[2023.04.04-15.25.48:070][  0]LogPakFile: OnPakFileMounted2Time == 0.000019
[2023.04.04-15.25.48:070][  0]LogPakFile: PakFile PrimaryIndexSize=189
[2023.04.04-15.25.48:070][  0]LogPakFile: PakFile PathHashIndexSize=101
[2023.04.04-15.25.48:070][  0]LogPakFile: PakFile FullDirectoryIndexSize=152
[2023.04.04-15.25.48:070][  0]LogShaderLibrary: Display: ShaderCodeLibraryPakFileMountedCallback: PakFile 'D:/UE_4.27/FeaturePacks/TP_ThirdPersonBP.upack' (chunk index -1, root 'root:/') mounted
[2023.04.04-15.25.48:070][  0]LogShaderLibrary: Display: ShaderCodeLibraryPakFileMountedCallback: pending pak file info (ChunkID:-1 Root:root:/ File:D:/UE_4.27/FeaturePacks/TP_ThirdPersonBP.upack)
[2023.04.04-15.25.48:070][  0]LogPakFile: OnPakFileMounted2Time == 0.000019
[2023.04.04-15.25.48:071][  0]LogPakFile: PakFile PrimaryIndexSize=183
[2023.04.04-15.25.48:071][  0]LogPakFile: PakFile PathHashIndexSize=101
[2023.04.04-15.25.48:071][  0]LogPakFile: PakFile FullDirectoryIndexSize=140
[2023.04.04-15.25.48:071][  0]LogShaderLibrary: Display: ShaderCodeLibraryPakFileMountedCallback: PakFile 'D:/UE_4.27/FeaturePacks/TP_TopDown.upack' (chunk index -1, root 'root:/') mounted
[2023.04.04-15.25.48:071][  0]LogShaderLibrary: Display: ShaderCodeLibraryPakFileMountedCallback: pending pak file info (ChunkID:-1 Root:root:/ File:D:/UE_4.27/FeaturePacks/TP_TopDown.upack)
[2023.04.04-15.25.48:071][  0]LogPakFile: OnPakFileMounted2Time == 0.000025
[2023.04.04-15.25.48:071][  0]LogPakFile: PakFile PrimaryIndexSize=185
[2023.04.04-15.25.48:071][  0]LogPakFile: PakFile PathHashIndexSize=101
[2023.04.04-15.25.48:071][  0]LogPakFile: PakFile FullDirectoryIndexSize=144
[2023.04.04-15.25.48:071][  0]LogShaderLibrary: Display: ShaderCodeLibraryPakFileMountedCallback: PakFile 'D:/UE_4.27/FeaturePacks/TP_TopDownBP.upack' (chunk index -1, root 'root:/') mounted
[2023.04.04-15.25.48:071][  0]LogShaderLibrary: Display: ShaderCodeLibraryPakFileMountedCallback: pending pak file info (ChunkID:-1 Root:root:/ File:D:/UE_4.27/FeaturePacks/TP_TopDownBP.upack)
[2023.04.04-15.25.48:071][  0]LogPakFile: OnPakFileMounted2Time == 0.000019
[2023.04.04-15.25.48:071][  0]LogPakFile: PakFile PrimaryIndexSize=185
[2023.04.04-15.25.48:071][  0]LogPakFile: PakFile PathHashIndexSize=101
[2023.04.04-15.25.48:071][  0]LogPakFile: PakFile FullDirectoryIndexSize=144
[2023.04.04-15.25.48:071][  0]LogShaderLibrary: Display: ShaderCodeLibraryPakFileMountedCallback: PakFile 'D:/UE_4.27/FeaturePacks/TP_TwinStick.upack' (chunk index -1, root 'root:/') mounted
[2023.04.04-15.25.48:071][  0]LogShaderLibrary: Display: ShaderCodeLibraryPakFileMountedCallback: pending pak file info (ChunkID:-1 Root:root:/ File:D:/UE_4.27/FeaturePacks/TP_TwinStick.upack)
[2023.04.04-15.25.48:071][  0]LogPakFile: OnPakFileMounted2Time == 0.000020
[2023.04.04-15.25.48:071][  0]LogPakFile: PakFile PrimaryIndexSize=187
[2023.04.04-15.25.48:071][  0]LogPakFile: PakFile PathHashIndexSize=101
[2023.04.04-15.25.48:071][  0]LogPakFile: PakFile FullDirectoryIndexSize=148
[2023.04.04-15.25.48:071][  0]LogShaderLibrary: Display: ShaderCodeLibraryPakFileMountedCallback: PakFile 'D:/UE_4.27/FeaturePacks/TP_TwinStickBP.upack' (chunk index -1, root 'root:/') mounted
[2023.04.04-15.25.48:071][  0]LogShaderLibrary: Display: ShaderCodeLibraryPakFileMountedCallback: pending pak file info (ChunkID:-1 Root:root:/ File:D:/UE_4.27/FeaturePacks/TP_TwinStickBP.upack)
[2023.04.04-15.25.48:071][  0]LogPakFile: OnPakFileMounted2Time == 0.000021
[2023.04.04-15.25.48:072][  0]LogPakFile: PakFile PrimaryIndexSize=183
[2023.04.04-15.25.48:072][  0]LogPakFile: PakFile PathHashIndexSize=101
[2023.04.04-15.25.48:072][  0]LogPakFile: PakFile FullDirectoryIndexSize=140
[2023.04.04-15.25.48:072][  0]LogShaderLibrary: Display: ShaderCodeLibraryPakFileMountedCallback: PakFile 'D:/UE_4.27/FeaturePacks/TP_Vehicle.upack' (chunk index -1, root 'root:/') mounted
[2023.04.04-15.25.48:072][  0]LogShaderLibrary: Display: ShaderCodeLibraryPakFileMountedCallback: pending pak file info (ChunkID:-1 Root:root:/ File:D:/UE_4.27/FeaturePacks/TP_Vehicle.upack)
[2023.04.04-15.25.48:072][  0]LogPakFile: OnPakFileMounted2Time == 0.000019
[2023.04.04-15.25.48:072][  0]LogPakFile: PakFile PrimaryIndexSize=186
[2023.04.04-15.25.48:072][  0]LogPakFile: PakFile PathHashIndexSize=101
[2023.04.04-15.25.48:072][  0]LogPakFile: PakFile FullDirectoryIndexSize=146
[2023.04.04-15.25.48:072][  0]LogShaderLibrary: Display: ShaderCodeLibraryPakFileMountedCallback: PakFile 'D:/UE_4.27/FeaturePacks/TP_VehicleAdv.upack' (chunk index -1, root 'root:/') mounted
[2023.04.04-15.25.48:072][  0]LogShaderLibrary: Display: ShaderCodeLibraryPakFileMountedCallback: pending pak file info (ChunkID:-1 Root:root:/ File:D:/UE_4.27/FeaturePacks/TP_VehicleAdv.upack)
[2023.04.04-15.25.48:072][  0]LogPakFile: OnPakFileMounted2Time == 0.000019
[2023.04.04-15.25.48:072][  0]LogPakFile: PakFile PrimaryIndexSize=188
[2023.04.04-15.25.48:072][  0]LogPakFile: PakFile PathHashIndexSize=101
[2023.04.04-15.25.48:072][  0]LogPakFile: PakFile FullDirectoryIndexSize=150
[2023.04.04-15.25.48:072][  0]LogShaderLibrary: Display: ShaderCodeLibraryPakFileMountedCallback: PakFile 'D:/UE_4.27/FeaturePacks/TP_VehicleAdvBP.upack' (chunk index -1, root 'root:/') mounted
[2023.04.04-15.25.48:072][  0]LogShaderLibrary: Display: ShaderCodeLibraryPakFileMountedCallback: pending pak file info (ChunkID:-1 Root:root:/ File:D:/UE_4.27/FeaturePacks/TP_VehicleAdvBP.upack)
[2023.04.04-15.25.48:072][  0]LogPakFile: OnPakFileMounted2Time == 0.000018
[2023.04.04-15.25.48:072][  0]LogPakFile: PakFile PrimaryIndexSize=185
[2023.04.04-15.25.48:072][  0]LogPakFile: PakFile PathHashIndexSize=101
[2023.04.04-15.25.48:072][  0]LogPakFile: PakFile FullDirectoryIndexSize=144
[2023.04.04-15.25.48:072][  0]LogShaderLibrary: Display: ShaderCodeLibraryPakFileMountedCallback: PakFile 'D:/UE_4.27/FeaturePacks/TP_VehicleBP.upack' (chunk index -1, root 'root:/') mounted
[2023.04.04-15.25.48:073][  0]LogShaderLibrary: Display: ShaderCodeLibraryPakFileMountedCallback: pending pak file info (ChunkID:-1 Root:root:/ File:D:/UE_4.27/FeaturePacks/TP_VehicleBP.upack)
[2023.04.04-15.25.48:073][  0]LogPakFile: OnPakFileMounted2Time == 0.000019
[2023.04.04-15.25.48:073][  0]LogPakFile: PakFile PrimaryIndexSize=192
[2023.04.04-15.25.48:073][  0]LogPakFile: PakFile PathHashIndexSize=101
[2023.04.04-15.25.48:073][  0]LogPakFile: PakFile FullDirectoryIndexSize=158
[2023.04.04-15.25.48:073][  0]LogShaderLibrary: Display: ShaderCodeLibraryPakFileMountedCallback: PakFile 'D:/UE_4.27/FeaturePacks/TP_VirtualRealityBP.upack' (chunk index -1, root 'root:/') mounted
[2023.04.04-15.25.48:073][  0]LogShaderLibrary: Display: ShaderCodeLibraryPakFileMountedCallback: pending pak file info (ChunkID:-1 Root:root:/ File:D:/UE_4.27/FeaturePacks/TP_VirtualRealityBP.upack)
[2023.04.04-15.25.48:073][  0]LogPakFile: OnPakFileMounted2Time == 0.000019
[2023.04.04-15.25.48:088][  0]LogNativeClassHierarchy: Verbose: Native class hierarchy updated for 'AddContentDialog' in 0.0002 seconds. Added 0 classes and 0 folders.
[2023.04.04-15.25.48:097][  0]LogNativeClassHierarchy: Verbose: Native class hierarchy updated for 'SceneOutliner' in 0.0002 seconds. Added 2 classes and 0 folders.
[2023.04.04-15.25.48:113][  0]LogNativeClassHierarchy: Verbose: Native class hierarchy updated for 'WorldBrowser' in 0.0002 seconds. Added 2 classes and 3 folders.
[2023.04.04-15.25.48:151][  0]LogSlate: Took 0.000127 seconds to synchronously load lazily loaded font '../../../Engine/Content/Slate/Fonts/Roboto-Regular.ttf' (155K)
[2023.04.04-15.25.48:152][  0]LogSlate: Took 0.000104 seconds to synchronously load lazily loaded font '../../../Engine/Content/Editor/Slate/Fonts/FontAwesome.ttf' (139K)
[2023.04.04-15.25.48:152][  0]LogSlate: Took 0.000081 seconds to synchronously load lazily loaded font '../../../Engine/Content/Slate/Fonts/Roboto-Bold.ttf' (160K)
[2023.04.04-15.25.48:211][  0]LogRenderer: Reallocating scene render targets to support 1616x572 Format 10 NumSamples 1 (Frame:1).
[2023.04.04-15.25.48:287][  0]LogNativeClassHierarchy: Verbose: Native class hierarchy updated for 'HierarchicalLODOutliner' in 0.0002 seconds. Added 0 classes and 0 folders.
[2023.04.04-15.25.48:287][  0]LogInput: Warning: Action Jump uses invalid key OculusGo_Left_Trigger_Click.
[2023.04.04-15.25.48:287][  0]LogInput: Warning: Action ResetVR uses invalid key OculusGo_Left_Trackpad_Click.
[2023.04.04-15.25.48:287][  0]LogInput: Warning: Use -RemoveInvalidKeys to remove instances of these keys from the action mapping.
[2023.04.04-15.25.48:287][  0]LogLoad: (Engine Initialization) Total time: 7.90 seconds
[2023.04.04-15.25.48:287][  0]LogLoad: (Engine Initialization) Total Blueprint compile time: 0.00 seconds
[2023.04.04-15.25.48:325][  0]LogAssetRegistry: Asset discovery search completed in 4.4346 seconds
[2023.04.04-15.25.48:329][  0]LogCollectionManager: Fixed up redirectors for 0 collections in 0.000002 seconds (updated 0 objects)
[2023.04.04-15.25.48:329][  0]LogContentStreaming: Texture pool size now 1000 MB
[2023.04.04-15.25.48:984][  2]LogSlate: Took 0.000116 seconds to synchronously load lazily loaded font '../../../Engine/Content/Slate/Fonts/Roboto-Light.ttf' (167K)
